{"uuid":"2893b103-e826-4b50-9d8f-107db5d01d06","historyId":"e4238ab3cb31c7b64465e8f4b8c1e10a","fullName":"src/test/resources/Features/7ArrayDS.feature:25","labels":[{"name":"tag","value":"Array"},{"name":"tag","value":"ArraysConcepts"},{"name":"host","value":"SIVPRIHAAN"},{"name":"thread","value":"60904@SIVPRIHAAN.TestNG-PoolService-3(48)"},{"name":"feature","value":"Testing Array Module functionality"},{"name":"story","value":"testing Arrays Functionality"},{"name":"suite","value":"Testing Array Module functionality"},{"name":"testClass","value":"testing Arrays Functionality"},{"name":"framework","value":"cucumber4jvm"},{"name":"language","value":"java"},{"name":"gherkin_uri","value":"file:///C:/Users/12159/git/DSAlgoProject/src/test/resources/Features/7ArrayDS.feature"},{"name":"package","value":"src.test.resources.Features.7ArrayDS_feature.Testing Array Module functionality"}],"links":[],"name":"testing Arrays Functionality","status":"broken","statusDetails":{"known":false,"muted":false,"flaky":false,"message":"element not interactable\n  (Session info: chrome=122.0.6261.131)\nBuild info: version: '4.18.1', revision: 'b1d3319b48'\nSystem info: os.name: 'Windows 11', os.arch: 'amd64', os.version: '10.0', java.version: '21.0.2'\nDriver info: org.openqa.selenium.chrome.ChromeDriver\nCommand: [d76daa8812231db755752572dc5e1409, sendKeysToElement {value=[Ljava.lang.CharSequence;@6f467f3a, id=f.33686D077155DAFF6D92AA06E3277319.d.25EBEADD9DDD9D04B43BAA9608424267.e.30}]\nCapabilities {acceptInsecureCerts: false, browserName: chrome, browserVersion: 122.0.6261.131, chrome: {chromedriverVersion: 122.0.6261.128 (f18a44fedeb..., userDataDir: C:\\Users\\12159\\AppData\\Loca...}, fedcm:accounts: true, goog:chromeOptions: {debuggerAddress: localhost:59383}, networkConnectionEnabled: false, pageLoadStrategy: normal, platformName: windows, proxy: Proxy(), se:cdp: ws://localhost:59383/devtoo..., se:cdpVersion: 122.0.6261.131, setWindowRect: true, strictFileInteractability: false, timeouts: {implicit: 0, pageLoad: 300000, script: 30000}, unhandledPromptBehavior: dismiss and notify, webauthn:extension:credBlob: true, webauthn:extension:largeBlob: true, webauthn:extension:minPinLength: true, webauthn:extension:prf: true, webauthn:virtualAuthenticators: true}\nElement: [[ChromeDriver: chrome on windows (d76daa8812231db755752572dc5e1409)] -> xpath: //form[@id='answer_form']/div/div/div/textarea]\nSession ID: d76daa8812231db755752572dc5e1409","trace":"org.openqa.selenium.ElementNotInteractableException: element not interactable\n  (Session info: chrome=122.0.6261.131)\nBuild info: version: '4.18.1', revision: 'b1d3319b48'\nSystem info: os.name: 'Windows 11', os.arch: 'amd64', os.version: '10.0', java.version: '21.0.2'\nDriver info: org.openqa.selenium.chrome.ChromeDriver\nCommand: [d76daa8812231db755752572dc5e1409, sendKeysToElement {value=[Ljava.lang.CharSequence;@6f467f3a, id=f.33686D077155DAFF6D92AA06E3277319.d.25EBEADD9DDD9D04B43BAA9608424267.e.30}]\nCapabilities {acceptInsecureCerts: false, browserName: chrome, browserVersion: 122.0.6261.131, chrome: {chromedriverVersion: 122.0.6261.128 (f18a44fedeb..., userDataDir: C:\\Users\\12159\\AppData\\Loca...}, fedcm:accounts: true, goog:chromeOptions: {debuggerAddress: localhost:59383}, networkConnectionEnabled: false, pageLoadStrategy: normal, platformName: windows, proxy: Proxy(), se:cdp: ws://localhost:59383/devtoo..., se:cdpVersion: 122.0.6261.131, setWindowRect: true, strictFileInteractability: false, timeouts: {implicit: 0, pageLoad: 300000, script: 30000}, unhandledPromptBehavior: dismiss and notify, webauthn:extension:credBlob: true, webauthn:extension:largeBlob: true, webauthn:extension:minPinLength: true, webauthn:extension:prf: true, webauthn:virtualAuthenticators: true}\nElement: [[ChromeDriver: chrome on windows (d76daa8812231db755752572dc5e1409)] -> xpath: //form[@id='answer_form']/div/div/div/textarea]\nSession ID: d76daa8812231db755752572dc5e1409\r\n\tat java.base/jdk.internal.reflect.DirectConstructorHandleAccessor.newInstance(DirectConstructorHandleAccessor.java:62)\r\n\tat java.base/java.lang.reflect.Constructor.newInstanceWithCaller(Constructor.java:502)\r\n\tat java.base/java.lang.reflect.Constructor.newInstance(Constructor.java:486)\r\n\tat org.openqa.selenium.remote.ErrorCodec.decode(ErrorCodec.java:167)\r\n\tat org.openqa.selenium.remote.codec.w3c.W3CHttpResponseCodec.decode(W3CHttpResponseCodec.java:138)\r\n\tat org.openqa.selenium.remote.codec.w3c.W3CHttpResponseCodec.decode(W3CHttpResponseCodec.java:50)\r\n\tat org.openqa.selenium.remote.HttpCommandExecutor.execute(HttpCommandExecutor.java:190)\r\n\tat org.openqa.selenium.remote.service.DriverCommandExecutor.invokeExecute(DriverCommandExecutor.java:216)\r\n\tat org.openqa.selenium.remote.service.DriverCommandExecutor.execute(DriverCommandExecutor.java:174)\r\n\tat org.openqa.selenium.remote.RemoteWebDriver.execute(RemoteWebDriver.java:519)\r\n\tat org.openqa.selenium.remote.RemoteWebElement.execute(RemoteWebElement.java:223)\r\n\tat org.openqa.selenium.remote.RemoteWebElement.sendKeys(RemoteWebElement.java:110)\r\n\tat dsalgo.pageobjects.ArraysPage.sendCodeToEditor(ArraysPage.java:82)\r\n\tat dsalgo.stepdefinitions.ArrayPageStepDefinitions.User_clicks_on_Run_Button_after_entering_code_(ArrayPageStepDefinitions.java:105)\r\n\tat ✽.User clicks on Run Button after entering code \"Input and Output\" and 0(file:///C:/Users/12159/git/DSAlgoProject/src/test/resources/Features/7ArrayDS.feature:17)\r\n"},"stage":"finished","steps":[{"name":"Given  User logged in and is on on DSHome Page","status":"passed","statusDetails":{"known":false,"muted":false,"flaky":false},"stage":"finished","steps":[],"attachments":[],"parameters":[],"start":1710991033303,"stop":1710991035858},{"name":"When  User Clicks Get Started below ArrayDS","status":"passed","statusDetails":{"known":false,"muted":false,"flaky":false},"stage":"finished","steps":[],"attachments":[],"parameters":[],"start":1710991035858,"stop":1710991036128},{"name":"Then  User should be redirected to Array Page","status":"passed","statusDetails":{"known":false,"muted":false,"flaky":false},"stage":"finished","steps":[],"attachments":[],"parameters":[],"start":1710991036129,"stop":1710991036134},{"name":"Given  User is on Array page","status":"passed","statusDetails":{"known":false,"muted":false,"flaky":false},"stage":"finished","steps":[],"attachments":[],"parameters":[],"start":1710991036135,"stop":1710991036135},{"name":"When  User clicks on \"Arrays Using List\" Link","status":"passed","statusDetails":{"known":false,"muted":false,"flaky":false},"stage":"finished","steps":[],"attachments":[],"parameters":[],"start":1710991036136,"stop":1710991036314},{"name":"Then  User should be redirected to clicked Page","status":"passed","statusDetails":{"known":false,"muted":false,"flaky":false},"stage":"finished","steps":[],"attachments":[],"parameters":[],"start":1710991036315,"stop":1710991036322},{"name":"When  User clicks on TryHere button","status":"passed","statusDetails":{"known":false,"muted":false,"flaky":false},"stage":"finished","steps":[],"attachments":[],"parameters":[],"start":1710991036322,"stop":1710991036791},{"name":"Then  User should be redirected to Editor's Page with Run button","status":"passed","statusDetails":{"known":false,"muted":false,"flaky":false},"stage":"finished","steps":[],"attachments":[],"parameters":[],"start":1710991036792,"stop":1710991036816},{"name":"When  User clicks on Run Button after entering code \"Input and Output\" and 0","status":"broken","statusDetails":{"known":false,"muted":false,"flaky":false,"message":"element not interactable\n  (Session info: chrome=122.0.6261.131)\nBuild info: version: '4.18.1', revision: 'b1d3319b48'\nSystem info: os.name: 'Windows 11', os.arch: 'amd64', os.version: '10.0', java.version: '21.0.2'\nDriver info: org.openqa.selenium.chrome.ChromeDriver\nCommand: [d76daa8812231db755752572dc5e1409, sendKeysToElement {value=[Ljava.lang.CharSequence;@6f467f3a, id=f.33686D077155DAFF6D92AA06E3277319.d.25EBEADD9DDD9D04B43BAA9608424267.e.30}]\nCapabilities {acceptInsecureCerts: false, browserName: chrome, browserVersion: 122.0.6261.131, chrome: {chromedriverVersion: 122.0.6261.128 (f18a44fedeb..., userDataDir: C:\\Users\\12159\\AppData\\Loca...}, fedcm:accounts: true, goog:chromeOptions: {debuggerAddress: localhost:59383}, networkConnectionEnabled: false, pageLoadStrategy: normal, platformName: windows, proxy: Proxy(), se:cdp: ws://localhost:59383/devtoo..., se:cdpVersion: 122.0.6261.131, setWindowRect: true, strictFileInteractability: false, timeouts: {implicit: 0, pageLoad: 300000, script: 30000}, unhandledPromptBehavior: dismiss and notify, webauthn:extension:credBlob: true, webauthn:extension:largeBlob: true, webauthn:extension:minPinLength: true, webauthn:extension:prf: true, webauthn:virtualAuthenticators: true}\nElement: [[ChromeDriver: chrome on windows (d76daa8812231db755752572dc5e1409)] -> xpath: //form[@id='answer_form']/div/div/div/textarea]\nSession ID: d76daa8812231db755752572dc5e1409","trace":"org.openqa.selenium.ElementNotInteractableException: element not interactable\n  (Session info: chrome=122.0.6261.131)\nBuild info: version: '4.18.1', revision: 'b1d3319b48'\nSystem info: os.name: 'Windows 11', os.arch: 'amd64', os.version: '10.0', java.version: '21.0.2'\nDriver info: org.openqa.selenium.chrome.ChromeDriver\nCommand: [d76daa8812231db755752572dc5e1409, sendKeysToElement {value=[Ljava.lang.CharSequence;@6f467f3a, id=f.33686D077155DAFF6D92AA06E3277319.d.25EBEADD9DDD9D04B43BAA9608424267.e.30}]\nCapabilities {acceptInsecureCerts: false, browserName: chrome, browserVersion: 122.0.6261.131, chrome: {chromedriverVersion: 122.0.6261.128 (f18a44fedeb..., userDataDir: C:\\Users\\12159\\AppData\\Loca...}, fedcm:accounts: true, goog:chromeOptions: {debuggerAddress: localhost:59383}, networkConnectionEnabled: false, pageLoadStrategy: normal, platformName: windows, proxy: Proxy(), se:cdp: ws://localhost:59383/devtoo..., se:cdpVersion: 122.0.6261.131, setWindowRect: true, strictFileInteractability: false, timeouts: {implicit: 0, pageLoad: 300000, script: 30000}, unhandledPromptBehavior: dismiss and notify, webauthn:extension:credBlob: true, webauthn:extension:largeBlob: true, webauthn:extension:minPinLength: true, webauthn:extension:prf: true, webauthn:virtualAuthenticators: true}\nElement: [[ChromeDriver: chrome on windows (d76daa8812231db755752572dc5e1409)] -> xpath: //form[@id='answer_form']/div/div/div/textarea]\nSession ID: d76daa8812231db755752572dc5e1409\r\n\tat java.base/jdk.internal.reflect.DirectConstructorHandleAccessor.newInstance(DirectConstructorHandleAccessor.java:62)\r\n\tat java.base/java.lang.reflect.Constructor.newInstanceWithCaller(Constructor.java:502)\r\n\tat java.base/java.lang.reflect.Constructor.newInstance(Constructor.java:486)\r\n\tat org.openqa.selenium.remote.ErrorCodec.decode(ErrorCodec.java:167)\r\n\tat org.openqa.selenium.remote.codec.w3c.W3CHttpResponseCodec.decode(W3CHttpResponseCodec.java:138)\r\n\tat org.openqa.selenium.remote.codec.w3c.W3CHttpResponseCodec.decode(W3CHttpResponseCodec.java:50)\r\n\tat org.openqa.selenium.remote.HttpCommandExecutor.execute(HttpCommandExecutor.java:190)\r\n\tat org.openqa.selenium.remote.service.DriverCommandExecutor.invokeExecute(DriverCommandExecutor.java:216)\r\n\tat org.openqa.selenium.remote.service.DriverCommandExecutor.execute(DriverCommandExecutor.java:174)\r\n\tat org.openqa.selenium.remote.RemoteWebDriver.execute(RemoteWebDriver.java:519)\r\n\tat org.openqa.selenium.remote.RemoteWebElement.execute(RemoteWebElement.java:223)\r\n\tat org.openqa.selenium.remote.RemoteWebElement.sendKeys(RemoteWebElement.java:110)\r\n\tat dsalgo.pageobjects.ArraysPage.sendCodeToEditor(ArraysPage.java:82)\r\n\tat dsalgo.stepdefinitions.ArrayPageStepDefinitions.User_clicks_on_Run_Button_after_entering_code_(ArrayPageStepDefinitions.java:105)\r\n\tat ✽.User clicks on Run Button after entering code \"Input and Output\" and 0(file:///C:/Users/12159/git/DSAlgoProject/src/test/resources/Features/7ArrayDS.feature:17)\r\n"},"stage":"finished","steps":[],"attachments":[],"parameters":[],"start":1710991036817,"stop":1710991046970},{"name":"Then  User should be able to see the output in the console","status":"skipped","statusDetails":{"known":false,"muted":false,"flaky":false},"stage":"finished","steps":[],"attachments":[],"parameters":[],"start":1710991047542,"stop":1710991047544}],"attachments":[],"parameters":[{"name":"SheetName","value":"Input and Output"},{"name":"Rownum","value":"0"},{"name":"ArraysConcepts","value":"Arrays Using List"}],"start":1710991033303,"stop":1710991047796}