{"uuid":"380ca0d6-6327-45d6-98db-bdfad4418788","historyId":"bf563a1750c6ce98636c8dc0996e9c4d","fullName":"src/test/resources/Features/7ArrayDS.feature:27","labels":[{"name":"tag","value":"Array"},{"name":"tag","value":"ArraysConcepts"},{"name":"host","value":"SIVPRIHAAN"},{"name":"thread","value":"88852@SIVPRIHAAN.TestNG-PoolService-9(54)"},{"name":"feature","value":"Testing Array Module functionality"},{"name":"story","value":"testing Arrays Functionality"},{"name":"suite","value":"Testing Array Module functionality"},{"name":"testClass","value":"testing Arrays Functionality"},{"name":"framework","value":"cucumber4jvm"},{"name":"language","value":"java"},{"name":"gherkin_uri","value":"file:///C:/Users/12159/git/DSAlgoProject/src/test/resources/Features/7ArrayDS.feature"},{"name":"package","value":"src.test.resources.Features.7ArrayDS_feature.Testing Array Module functionality"}],"links":[],"name":"testing Arrays Functionality","status":"broken","statusDetails":{"known":false,"muted":false,"flaky":false,"message":"element not interactable\n  (Session info: chrome=122.0.6261.131)\nBuild info: version: '4.18.1', revision: 'b1d3319b48'\nSystem info: os.name: 'Windows 11', os.arch: 'amd64', os.version: '10.0', java.version: '21.0.2'\nDriver info: org.openqa.selenium.chrome.ChromeDriver\nCommand: [7272e44731a79f7e14233237311d7b9d, sendKeysToElement {value=[Ljava.lang.CharSequence;@2f2392b5, id=f.B01D2A24C1E750171454CA37E4DBD23F.d.3C818ACB94FD8E4A478068332CD8A25A.e.43}]\nCapabilities {acceptInsecureCerts: false, browserName: chrome, browserVersion: 122.0.6261.131, chrome: {chromedriverVersion: 122.0.6261.128 (f18a44fedeb..., userDataDir: C:\\Users\\12159\\AppData\\Loca...}, fedcm:accounts: true, goog:chromeOptions: {debuggerAddress: localhost:58573}, networkConnectionEnabled: false, pageLoadStrategy: normal, platformName: windows, proxy: Proxy(), se:cdp: ws://localhost:58573/devtoo..., se:cdpVersion: 122.0.6261.131, setWindowRect: true, strictFileInteractability: false, timeouts: {implicit: 0, pageLoad: 300000, script: 30000}, unhandledPromptBehavior: dismiss and notify, webauthn:extension:credBlob: true, webauthn:extension:largeBlob: true, webauthn:extension:minPinLength: true, webauthn:extension:prf: true, webauthn:virtualAuthenticators: true}\nElement: [[ChromeDriver: chrome on windows (7272e44731a79f7e14233237311d7b9d)] -> xpath: //form[@id='answer_form']/div/div/div/textarea]\nSession ID: 7272e44731a79f7e14233237311d7b9d","trace":"org.openqa.selenium.ElementNotInteractableException: element not interactable\n  (Session info: chrome=122.0.6261.131)\nBuild info: version: '4.18.1', revision: 'b1d3319b48'\nSystem info: os.name: 'Windows 11', os.arch: 'amd64', os.version: '10.0', java.version: '21.0.2'\nDriver info: org.openqa.selenium.chrome.ChromeDriver\nCommand: [7272e44731a79f7e14233237311d7b9d, sendKeysToElement {value=[Ljava.lang.CharSequence;@2f2392b5, id=f.B01D2A24C1E750171454CA37E4DBD23F.d.3C818ACB94FD8E4A478068332CD8A25A.e.43}]\nCapabilities {acceptInsecureCerts: false, browserName: chrome, browserVersion: 122.0.6261.131, chrome: {chromedriverVersion: 122.0.6261.128 (f18a44fedeb..., userDataDir: C:\\Users\\12159\\AppData\\Loca...}, fedcm:accounts: true, goog:chromeOptions: {debuggerAddress: localhost:58573}, networkConnectionEnabled: false, pageLoadStrategy: normal, platformName: windows, proxy: Proxy(), se:cdp: ws://localhost:58573/devtoo..., se:cdpVersion: 122.0.6261.131, setWindowRect: true, strictFileInteractability: false, timeouts: {implicit: 0, pageLoad: 300000, script: 30000}, unhandledPromptBehavior: dismiss and notify, webauthn:extension:credBlob: true, webauthn:extension:largeBlob: true, webauthn:extension:minPinLength: true, webauthn:extension:prf: true, webauthn:virtualAuthenticators: true}\nElement: [[ChromeDriver: chrome on windows (7272e44731a79f7e14233237311d7b9d)] -> xpath: //form[@id='answer_form']/div/div/div/textarea]\nSession ID: 7272e44731a79f7e14233237311d7b9d\r\n\tat java.base/jdk.internal.reflect.DirectConstructorHandleAccessor.newInstance(DirectConstructorHandleAccessor.java:62)\r\n\tat java.base/java.lang.reflect.Constructor.newInstanceWithCaller(Constructor.java:502)\r\n\tat java.base/java.lang.reflect.Constructor.newInstance(Constructor.java:486)\r\n\tat org.openqa.selenium.remote.ErrorCodec.decode(ErrorCodec.java:167)\r\n\tat org.openqa.selenium.remote.codec.w3c.W3CHttpResponseCodec.decode(W3CHttpResponseCodec.java:138)\r\n\tat org.openqa.selenium.remote.codec.w3c.W3CHttpResponseCodec.decode(W3CHttpResponseCodec.java:50)\r\n\tat org.openqa.selenium.remote.HttpCommandExecutor.execute(HttpCommandExecutor.java:190)\r\n\tat org.openqa.selenium.remote.service.DriverCommandExecutor.invokeExecute(DriverCommandExecutor.java:216)\r\n\tat org.openqa.selenium.remote.service.DriverCommandExecutor.execute(DriverCommandExecutor.java:174)\r\n\tat org.openqa.selenium.remote.RemoteWebDriver.execute(RemoteWebDriver.java:519)\r\n\tat org.openqa.selenium.remote.RemoteWebElement.execute(RemoteWebElement.java:223)\r\n\tat org.openqa.selenium.remote.RemoteWebElement.sendKeys(RemoteWebElement.java:110)\r\n\tat dsalgo.pageobjects.ArraysPage.sendCodeToEditor(ArraysPage.java:82)\r\n\tat dsalgo.stepdefinitions.ArrayPageStepDefinitions.User_clicks_on_Run_Button_after_entering_code_(ArrayPageStepDefinitions.java:105)\r\n\tat ✽.User clicks on Run Button after entering code \"Input and Output\" and 2(file:///C:/Users/12159/git/DSAlgoProject/src/test/resources/Features/7ArrayDS.feature:17)\r\n"},"stage":"finished","steps":[{"name":"Given  User logged in and is on on DSHome Page","status":"passed","statusDetails":{"known":false,"muted":false,"flaky":false},"stage":"finished","steps":[],"attachments":[],"parameters":[],"start":1710993273850,"stop":1710993277085},{"name":"When  User Clicks Get Started below ArrayDS","status":"passed","statusDetails":{"known":false,"muted":false,"flaky":false},"stage":"finished","steps":[],"attachments":[],"parameters":[],"start":1710993277085,"stop":1710993277277},{"name":"Then  User should be redirected to Array Page","status":"passed","statusDetails":{"known":false,"muted":false,"flaky":false},"stage":"finished","steps":[],"attachments":[],"parameters":[],"start":1710993277277,"stop":1710993277285},{"name":"Given  User is on Array page","status":"passed","statusDetails":{"known":false,"muted":false,"flaky":false},"stage":"finished","steps":[],"attachments":[],"parameters":[],"start":1710993277285,"stop":1710993277285},{"name":"When  User clicks on \"Arrays Using List\" Link","status":"passed","statusDetails":{"known":false,"muted":false,"flaky":false},"stage":"finished","steps":[],"attachments":[],"parameters":[],"start":1710993277286,"stop":1710993277460},{"name":"Then  User should be redirected to clicked Page","status":"passed","statusDetails":{"known":false,"muted":false,"flaky":false},"stage":"finished","steps":[],"attachments":[],"parameters":[],"start":1710993277461,"stop":1710993277464},{"name":"When  User clicks on TryHere button","status":"passed","statusDetails":{"known":false,"muted":false,"flaky":false},"stage":"finished","steps":[],"attachments":[],"parameters":[],"start":1710993277464,"stop":1710993277995},{"name":"Then  User should be redirected to Editor's Page with Run button","status":"passed","statusDetails":{"known":false,"muted":false,"flaky":false},"stage":"finished","steps":[],"attachments":[],"parameters":[],"start":1710993277996,"stop":1710993278012},{"name":"When  User clicks on Run Button after entering code \"Input and Output\" and 2","status":"broken","statusDetails":{"known":false,"muted":false,"flaky":false,"message":"element not interactable\n  (Session info: chrome=122.0.6261.131)\nBuild info: version: '4.18.1', revision: 'b1d3319b48'\nSystem info: os.name: 'Windows 11', os.arch: 'amd64', os.version: '10.0', java.version: '21.0.2'\nDriver info: org.openqa.selenium.chrome.ChromeDriver\nCommand: [7272e44731a79f7e14233237311d7b9d, sendKeysToElement {value=[Ljava.lang.CharSequence;@2f2392b5, id=f.B01D2A24C1E750171454CA37E4DBD23F.d.3C818ACB94FD8E4A478068332CD8A25A.e.43}]\nCapabilities {acceptInsecureCerts: false, browserName: chrome, browserVersion: 122.0.6261.131, chrome: {chromedriverVersion: 122.0.6261.128 (f18a44fedeb..., userDataDir: C:\\Users\\12159\\AppData\\Loca...}, fedcm:accounts: true, goog:chromeOptions: {debuggerAddress: localhost:58573}, networkConnectionEnabled: false, pageLoadStrategy: normal, platformName: windows, proxy: Proxy(), se:cdp: ws://localhost:58573/devtoo..., se:cdpVersion: 122.0.6261.131, setWindowRect: true, strictFileInteractability: false, timeouts: {implicit: 0, pageLoad: 300000, script: 30000}, unhandledPromptBehavior: dismiss and notify, webauthn:extension:credBlob: true, webauthn:extension:largeBlob: true, webauthn:extension:minPinLength: true, webauthn:extension:prf: true, webauthn:virtualAuthenticators: true}\nElement: [[ChromeDriver: chrome on windows (7272e44731a79f7e14233237311d7b9d)] -> xpath: //form[@id='answer_form']/div/div/div/textarea]\nSession ID: 7272e44731a79f7e14233237311d7b9d","trace":"org.openqa.selenium.ElementNotInteractableException: element not interactable\n  (Session info: chrome=122.0.6261.131)\nBuild info: version: '4.18.1', revision: 'b1d3319b48'\nSystem info: os.name: 'Windows 11', os.arch: 'amd64', os.version: '10.0', java.version: '21.0.2'\nDriver info: org.openqa.selenium.chrome.ChromeDriver\nCommand: [7272e44731a79f7e14233237311d7b9d, sendKeysToElement {value=[Ljava.lang.CharSequence;@2f2392b5, id=f.B01D2A24C1E750171454CA37E4DBD23F.d.3C818ACB94FD8E4A478068332CD8A25A.e.43}]\nCapabilities {acceptInsecureCerts: false, browserName: chrome, browserVersion: 122.0.6261.131, chrome: {chromedriverVersion: 122.0.6261.128 (f18a44fedeb..., userDataDir: C:\\Users\\12159\\AppData\\Loca...}, fedcm:accounts: true, goog:chromeOptions: {debuggerAddress: localhost:58573}, networkConnectionEnabled: false, pageLoadStrategy: normal, platformName: windows, proxy: Proxy(), se:cdp: ws://localhost:58573/devtoo..., se:cdpVersion: 122.0.6261.131, setWindowRect: true, strictFileInteractability: false, timeouts: {implicit: 0, pageLoad: 300000, script: 30000}, unhandledPromptBehavior: dismiss and notify, webauthn:extension:credBlob: true, webauthn:extension:largeBlob: true, webauthn:extension:minPinLength: true, webauthn:extension:prf: true, webauthn:virtualAuthenticators: true}\nElement: [[ChromeDriver: chrome on windows (7272e44731a79f7e14233237311d7b9d)] -> xpath: //form[@id='answer_form']/div/div/div/textarea]\nSession ID: 7272e44731a79f7e14233237311d7b9d\r\n\tat java.base/jdk.internal.reflect.DirectConstructorHandleAccessor.newInstance(DirectConstructorHandleAccessor.java:62)\r\n\tat java.base/java.lang.reflect.Constructor.newInstanceWithCaller(Constructor.java:502)\r\n\tat java.base/java.lang.reflect.Constructor.newInstance(Constructor.java:486)\r\n\tat org.openqa.selenium.remote.ErrorCodec.decode(ErrorCodec.java:167)\r\n\tat org.openqa.selenium.remote.codec.w3c.W3CHttpResponseCodec.decode(W3CHttpResponseCodec.java:138)\r\n\tat org.openqa.selenium.remote.codec.w3c.W3CHttpResponseCodec.decode(W3CHttpResponseCodec.java:50)\r\n\tat org.openqa.selenium.remote.HttpCommandExecutor.execute(HttpCommandExecutor.java:190)\r\n\tat org.openqa.selenium.remote.service.DriverCommandExecutor.invokeExecute(DriverCommandExecutor.java:216)\r\n\tat org.openqa.selenium.remote.service.DriverCommandExecutor.execute(DriverCommandExecutor.java:174)\r\n\tat org.openqa.selenium.remote.RemoteWebDriver.execute(RemoteWebDriver.java:519)\r\n\tat org.openqa.selenium.remote.RemoteWebElement.execute(RemoteWebElement.java:223)\r\n\tat org.openqa.selenium.remote.RemoteWebElement.sendKeys(RemoteWebElement.java:110)\r\n\tat dsalgo.pageobjects.ArraysPage.sendCodeToEditor(ArraysPage.java:82)\r\n\tat dsalgo.stepdefinitions.ArrayPageStepDefinitions.User_clicks_on_Run_Button_after_entering_code_(ArrayPageStepDefinitions.java:105)\r\n\tat ✽.User clicks on Run Button after entering code \"Input and Output\" and 2(file:///C:/Users/12159/git/DSAlgoProject/src/test/resources/Features/7ArrayDS.feature:17)\r\n"},"stage":"finished","steps":[],"attachments":[],"parameters":[],"start":1710993278012,"stop":1710993288168},{"name":"Then  User should be able to see the output in the console","status":"skipped","statusDetails":{"known":false,"muted":false,"flaky":false},"stage":"finished","steps":[],"attachments":[],"parameters":[],"start":1710993288619,"stop":1710993288620}],"attachments":[],"parameters":[{"name":"SheetName","value":"Input and Output"},{"name":"Rownum","value":"2"},{"name":"ArraysConcepts","value":"Arrays Using List"}],"start":1710993273850,"stop":1710993288796}