{"uuid":"3be98e5b-589b-4261-a955-a757576a8104","historyId":"88a443202408755337adb10c4a14a169","fullName":"src/test/resources/Features/8Stack.feature:25","labels":[{"name":"tag","value":"StackDS"},{"name":"tag","value":"StackConcepts"},{"name":"host","value":"SIVPRIHAAN"},{"name":"thread","value":"5784@SIVPRIHAAN.TestNG-PoolService-7(52)"},{"name":"feature","value":"Test Case Scenarios for Stack DS"},{"name":"story","value":"clicking on concepts under stack and giving code in try Editor"},{"name":"suite","value":"Test Case Scenarios for Stack DS"},{"name":"testClass","value":"clicking on concepts under stack and giving code in try Editor"},{"name":"framework","value":"cucumber4jvm"},{"name":"language","value":"java"},{"name":"gherkin_uri","value":"file:///C:/Users/12159/git/DSAlgoProject/src/test/resources/Features/8Stack.feature"},{"name":"package","value":"src.test.resources.Features.8Stack_feature.Test Case Scenarios for Stack DS"}],"links":[],"name":"clicking on concepts under stack and giving code in try Editor","status":"broken","statusDetails":{"known":false,"muted":false,"flaky":false,"message":"element not interactable\n  (Session info: chrome=122.0.6261.131)\nBuild info: version: '4.18.1', revision: 'b1d3319b48'\nSystem info: os.name: 'Windows 11', os.arch: 'amd64', os.version: '10.0', java.version: '21.0.2'\nDriver info: org.openqa.selenium.chrome.ChromeDriver\nCommand: [8ae04cd390d21da4c74a31ee0679baba, sendKeysToElement {value=[Ljava.lang.CharSequence;@3bc7557a, id=f.B24E68790735805AF9B6F6540E8DCF51.d.7F513ECB3F319A98786B39FFC6CE1E90.e.29}]\nCapabilities {acceptInsecureCerts: false, browserName: chrome, browserVersion: 122.0.6261.131, chrome: {chromedriverVersion: 122.0.6261.128 (f18a44fedeb..., userDataDir: C:\\Users\\12159\\AppData\\Loca...}, fedcm:accounts: true, goog:chromeOptions: {debuggerAddress: localhost:50357}, networkConnectionEnabled: false, pageLoadStrategy: normal, platformName: windows, proxy: Proxy(), se:cdp: ws://localhost:50357/devtoo..., se:cdpVersion: 122.0.6261.131, setWindowRect: true, strictFileInteractability: false, timeouts: {implicit: 0, pageLoad: 300000, script: 30000}, unhandledPromptBehavior: dismiss and notify, webauthn:extension:credBlob: true, webauthn:extension:largeBlob: true, webauthn:extension:minPinLength: true, webauthn:extension:prf: true, webauthn:virtualAuthenticators: true}\nElement: [[ChromeDriver: chrome on windows (8ae04cd390d21da4c74a31ee0679baba)] -> xpath: //form[@id='answer_form']/div/div/div/textarea]\nSession ID: 8ae04cd390d21da4c74a31ee0679baba","trace":"org.openqa.selenium.ElementNotInteractableException: element not interactable\n  (Session info: chrome=122.0.6261.131)\nBuild info: version: '4.18.1', revision: 'b1d3319b48'\nSystem info: os.name: 'Windows 11', os.arch: 'amd64', os.version: '10.0', java.version: '21.0.2'\nDriver info: org.openqa.selenium.chrome.ChromeDriver\nCommand: [8ae04cd390d21da4c74a31ee0679baba, sendKeysToElement {value=[Ljava.lang.CharSequence;@3bc7557a, id=f.B24E68790735805AF9B6F6540E8DCF51.d.7F513ECB3F319A98786B39FFC6CE1E90.e.29}]\nCapabilities {acceptInsecureCerts: false, browserName: chrome, browserVersion: 122.0.6261.131, chrome: {chromedriverVersion: 122.0.6261.128 (f18a44fedeb..., userDataDir: C:\\Users\\12159\\AppData\\Loca...}, fedcm:accounts: true, goog:chromeOptions: {debuggerAddress: localhost:50357}, networkConnectionEnabled: false, pageLoadStrategy: normal, platformName: windows, proxy: Proxy(), se:cdp: ws://localhost:50357/devtoo..., se:cdpVersion: 122.0.6261.131, setWindowRect: true, strictFileInteractability: false, timeouts: {implicit: 0, pageLoad: 300000, script: 30000}, unhandledPromptBehavior: dismiss and notify, webauthn:extension:credBlob: true, webauthn:extension:largeBlob: true, webauthn:extension:minPinLength: true, webauthn:extension:prf: true, webauthn:virtualAuthenticators: true}\nElement: [[ChromeDriver: chrome on windows (8ae04cd390d21da4c74a31ee0679baba)] -> xpath: //form[@id='answer_form']/div/div/div/textarea]\nSession ID: 8ae04cd390d21da4c74a31ee0679baba\r\n\tat java.base/jdk.internal.reflect.DirectConstructorHandleAccessor.newInstance(DirectConstructorHandleAccessor.java:62)\r\n\tat java.base/java.lang.reflect.Constructor.newInstanceWithCaller(Constructor.java:502)\r\n\tat java.base/java.lang.reflect.Constructor.newInstance(Constructor.java:486)\r\n\tat org.openqa.selenium.remote.ErrorCodec.decode(ErrorCodec.java:167)\r\n\tat org.openqa.selenium.remote.codec.w3c.W3CHttpResponseCodec.decode(W3CHttpResponseCodec.java:138)\r\n\tat org.openqa.selenium.remote.codec.w3c.W3CHttpResponseCodec.decode(W3CHttpResponseCodec.java:50)\r\n\tat org.openqa.selenium.remote.HttpCommandExecutor.execute(HttpCommandExecutor.java:190)\r\n\tat org.openqa.selenium.remote.service.DriverCommandExecutor.invokeExecute(DriverCommandExecutor.java:216)\r\n\tat org.openqa.selenium.remote.service.DriverCommandExecutor.execute(DriverCommandExecutor.java:174)\r\n\tat org.openqa.selenium.remote.RemoteWebDriver.execute(RemoteWebDriver.java:519)\r\n\tat org.openqa.selenium.remote.RemoteWebElement.execute(RemoteWebElement.java:223)\r\n\tat org.openqa.selenium.remote.RemoteWebElement.sendKeys(RemoteWebElement.java:110)\r\n\tat dsalgo.pageobjects.StackPage.sendCodeToEditor(StackPage.java:70)\r\n\tat dsalgo.stepdefinitions.StackPageStepDefinitions.user_clicks_on_run_button_entering_code_and(StackPageStepDefinitions.java:108)\r\n\tat ✽.User clicks on Run Button entering stack code \"Input and Output\" and 2(file:///C:/Users/12159/git/DSAlgoProject/src/test/resources/Features/8Stack.feature:15)\r\n"},"stage":"finished","steps":[{"name":"Given  User is logged in and landed on Home Page","status":"passed","statusDetails":{"known":false,"muted":false,"flaky":false},"stage":"finished","steps":[],"attachments":[],"parameters":[],"start":1711220045579,"stop":1711220052905},{"name":"When  User Clicks Get Started below Stack DS","status":"passed","statusDetails":{"known":false,"muted":false,"flaky":false},"stage":"finished","steps":[],"attachments":[],"parameters":[],"start":1711220052906,"stop":1711220053091},{"name":"Then  User should be redirected to Stack Page","status":"passed","statusDetails":{"known":false,"muted":false,"flaky":false},"stage":"finished","steps":[],"attachments":[],"parameters":[],"start":1711220053091,"stop":1711220053095},{"name":"Given  User is on Stack page","status":"passed","statusDetails":{"known":false,"muted":false,"flaky":false},"stage":"finished","steps":[],"attachments":[],"parameters":[],"start":1711220053096,"stop":1711220053096},{"name":"When  User clicks on \"Implementation\" under stack page","status":"passed","statusDetails":{"known":false,"muted":false,"flaky":false},"stage":"finished","steps":[],"attachments":[],"parameters":[],"start":1711220053097,"stop":1711220053774},{"name":"Then  User should be redirected to the clicked stack link Page","status":"passed","statusDetails":{"known":false,"muted":false,"flaky":false},"stage":"finished","steps":[],"attachments":[],"parameters":[],"start":1711220053775,"stop":1711220053795},{"name":"When  User clicks on stack Try Here Button","status":"passed","statusDetails":{"known":false,"muted":false,"flaky":false},"stage":"finished","steps":[],"attachments":[],"parameters":[],"start":1711220053796,"stop":1711220055857},{"name":"Then  User should be redirected to stack Editor's page with Run Button","status":"passed","statusDetails":{"known":false,"muted":false,"flaky":false},"stage":"finished","steps":[],"attachments":[],"parameters":[],"start":1711220055858,"stop":1711220056013},{"name":"When  User clicks on Run Button entering stack code \"Input and Output\" and 2","status":"broken","statusDetails":{"known":false,"muted":false,"flaky":false,"message":"element not interactable\n  (Session info: chrome=122.0.6261.131)\nBuild info: version: '4.18.1', revision: 'b1d3319b48'\nSystem info: os.name: 'Windows 11', os.arch: 'amd64', os.version: '10.0', java.version: '21.0.2'\nDriver info: org.openqa.selenium.chrome.ChromeDriver\nCommand: [8ae04cd390d21da4c74a31ee0679baba, sendKeysToElement {value=[Ljava.lang.CharSequence;@3bc7557a, id=f.B24E68790735805AF9B6F6540E8DCF51.d.7F513ECB3F319A98786B39FFC6CE1E90.e.29}]\nCapabilities {acceptInsecureCerts: false, browserName: chrome, browserVersion: 122.0.6261.131, chrome: {chromedriverVersion: 122.0.6261.128 (f18a44fedeb..., userDataDir: C:\\Users\\12159\\AppData\\Loca...}, fedcm:accounts: true, goog:chromeOptions: {debuggerAddress: localhost:50357}, networkConnectionEnabled: false, pageLoadStrategy: normal, platformName: windows, proxy: Proxy(), se:cdp: ws://localhost:50357/devtoo..., se:cdpVersion: 122.0.6261.131, setWindowRect: true, strictFileInteractability: false, timeouts: {implicit: 0, pageLoad: 300000, script: 30000}, unhandledPromptBehavior: dismiss and notify, webauthn:extension:credBlob: true, webauthn:extension:largeBlob: true, webauthn:extension:minPinLength: true, webauthn:extension:prf: true, webauthn:virtualAuthenticators: true}\nElement: [[ChromeDriver: chrome on windows (8ae04cd390d21da4c74a31ee0679baba)] -> xpath: //form[@id='answer_form']/div/div/div/textarea]\nSession ID: 8ae04cd390d21da4c74a31ee0679baba","trace":"org.openqa.selenium.ElementNotInteractableException: element not interactable\n  (Session info: chrome=122.0.6261.131)\nBuild info: version: '4.18.1', revision: 'b1d3319b48'\nSystem info: os.name: 'Windows 11', os.arch: 'amd64', os.version: '10.0', java.version: '21.0.2'\nDriver info: org.openqa.selenium.chrome.ChromeDriver\nCommand: [8ae04cd390d21da4c74a31ee0679baba, sendKeysToElement {value=[Ljava.lang.CharSequence;@3bc7557a, id=f.B24E68790735805AF9B6F6540E8DCF51.d.7F513ECB3F319A98786B39FFC6CE1E90.e.29}]\nCapabilities {acceptInsecureCerts: false, browserName: chrome, browserVersion: 122.0.6261.131, chrome: {chromedriverVersion: 122.0.6261.128 (f18a44fedeb..., userDataDir: C:\\Users\\12159\\AppData\\Loca...}, fedcm:accounts: true, goog:chromeOptions: {debuggerAddress: localhost:50357}, networkConnectionEnabled: false, pageLoadStrategy: normal, platformName: windows, proxy: Proxy(), se:cdp: ws://localhost:50357/devtoo..., se:cdpVersion: 122.0.6261.131, setWindowRect: true, strictFileInteractability: false, timeouts: {implicit: 0, pageLoad: 300000, script: 30000}, unhandledPromptBehavior: dismiss and notify, webauthn:extension:credBlob: true, webauthn:extension:largeBlob: true, webauthn:extension:minPinLength: true, webauthn:extension:prf: true, webauthn:virtualAuthenticators: true}\nElement: [[ChromeDriver: chrome on windows (8ae04cd390d21da4c74a31ee0679baba)] -> xpath: //form[@id='answer_form']/div/div/div/textarea]\nSession ID: 8ae04cd390d21da4c74a31ee0679baba\r\n\tat java.base/jdk.internal.reflect.DirectConstructorHandleAccessor.newInstance(DirectConstructorHandleAccessor.java:62)\r\n\tat java.base/java.lang.reflect.Constructor.newInstanceWithCaller(Constructor.java:502)\r\n\tat java.base/java.lang.reflect.Constructor.newInstance(Constructor.java:486)\r\n\tat org.openqa.selenium.remote.ErrorCodec.decode(ErrorCodec.java:167)\r\n\tat org.openqa.selenium.remote.codec.w3c.W3CHttpResponseCodec.decode(W3CHttpResponseCodec.java:138)\r\n\tat org.openqa.selenium.remote.codec.w3c.W3CHttpResponseCodec.decode(W3CHttpResponseCodec.java:50)\r\n\tat org.openqa.selenium.remote.HttpCommandExecutor.execute(HttpCommandExecutor.java:190)\r\n\tat org.openqa.selenium.remote.service.DriverCommandExecutor.invokeExecute(DriverCommandExecutor.java:216)\r\n\tat org.openqa.selenium.remote.service.DriverCommandExecutor.execute(DriverCommandExecutor.java:174)\r\n\tat org.openqa.selenium.remote.RemoteWebDriver.execute(RemoteWebDriver.java:519)\r\n\tat org.openqa.selenium.remote.RemoteWebElement.execute(RemoteWebElement.java:223)\r\n\tat org.openqa.selenium.remote.RemoteWebElement.sendKeys(RemoteWebElement.java:110)\r\n\tat dsalgo.pageobjects.StackPage.sendCodeToEditor(StackPage.java:70)\r\n\tat dsalgo.stepdefinitions.StackPageStepDefinitions.user_clicks_on_run_button_entering_code_and(StackPageStepDefinitions.java:108)\r\n\tat ✽.User clicks on Run Button entering stack code \"Input and Output\" and 2(file:///C:/Users/12159/git/DSAlgoProject/src/test/resources/Features/8Stack.feature:15)\r\n"},"stage":"finished","steps":[],"attachments":[],"parameters":[],"start":1711220056015,"stop":1711220076193},{"name":"Then  User will be able to see the output on the stack data structure console","status":"skipped","statusDetails":{"known":false,"muted":false,"flaky":false},"stage":"finished","steps":[],"attachments":[],"parameters":[],"start":1711220077328,"stop":1711220077329}],"attachments":[],"parameters":[{"name":"SheetName","value":"Input and Output"},{"name":"Rownum","value":"2"},{"name":"Concepts","value":"Implementation"}],"start":1711220045579,"stop":1711220077485}