<?xml version="1.0" encoding="UTF-8"?>
<testng-results ignored="0" total="396" passed="396" failed="0" skipped="0">
  <reporter-output>
  </reporter-output>
  <suite started-at="2024-03-23T22:36:04 EDT" name="Suite" finished-at="2024-03-23T22:42:51 EDT" duration-ms="407091">
    <groups>
      <group name="cucumber">
        <method signature="AbstractTestNGCucumberTests.runScenario(io.cucumber.testng.PickleWrapper,io.cucumber.testng.FeatureWrapper)[pri:0, instance:runner.TestRunner@50dfbc58]" name="runScenario" class="io.cucumber.testng.AbstractTestNGCucumberTests"/>
        <method signature="AbstractTestNGCucumberTests.runScenario(io.cucumber.testng.PickleWrapper,io.cucumber.testng.FeatureWrapper)[pri:0, instance:runner.TestRunner@56c4278e]" name="runScenario" class="io.cucumber.testng.AbstractTestNGCucumberTests"/>
        <method signature="AbstractTestNGCucumberTests.runScenario(io.cucumber.testng.PickleWrapper,io.cucumber.testng.FeatureWrapper)[pri:0, instance:runner.TestRunner@3d246ea3]" name="runScenario" class="io.cucumber.testng.AbstractTestNGCucumberTests"/>
      </group> <!-- cucumber -->
    </groups>
    <test started-at="2024-03-23T22:36:04 EDT" name="TestChrome" finished-at="2024-03-23T22:37:45 EDT" duration-ms="101876">
      <class name="runner.TestRunner">
        <test-method is-config="true" signature="defineBrowser(java.lang.String)[pri:0, instance:runner.TestRunner@50dfbc58]" started-at="2024-03-23T22:36:04 EDT" name="defineBrowser" finished-at="2024-03-23T22:36:04 EDT" duration-ms="12" status="PASS">
          <params>
            <param index="0">
              <value>
                <![CDATA[chrome]]>
              </value>
            </param>
          </params>
          <reporter-output>
          </reporter-output>
        </test-method> <!-- defineBrowser -->
        <test-method is-config="true" signature="setUpClass(org.testng.ITestContext)[pri:0, instance:runner.TestRunner@50dfbc58]" started-at="2024-03-23T22:36:04 EDT" name="setUpClass" finished-at="2024-03-23T22:36:04 EDT" duration-ms="530" status="PASS">
          <params>
            <param index="0">
              <value>
                <![CDATA[org.testng.TestRunner@253d9f73]]>
              </value>
            </param>
          </params>
          <reporter-output>
          </reporter-output>
        </test-method> <!-- setUpClass -->
        <test-method signature="runScenario(io.cucumber.testng.PickleWrapper,io.cucumber.testng.FeatureWrapper)[pri:0, instance:runner.TestRunner@50dfbc58]" started-at="2024-03-23T22:36:04 EDT" name="runScenario" description="Runs Cucumber Scenarios" data-provider="scenarios" finished-at="2024-03-23T22:36:14 EDT" duration-ms="9639" status="PASS">
          <params>
            <param index="0">
              <value>
                <![CDATA["clicking on  concepts under DataStructures and giving code in Try Editor"]]>
              </value>
            </param>
            <param index="1">
              <value>
                <![CDATA["Test Case Scenarios for DS Introduction"]]>
              </value>
            </param>
          </params>
          <reporter-output>
          </reporter-output>
        </test-method> <!-- runScenario -->
        <test-method signature="runScenario(io.cucumber.testng.PickleWrapper,io.cucumber.testng.FeatureWrapper)[pri:0, instance:runner.TestRunner@50dfbc58]" started-at="2024-03-23T22:36:04 EDT" name="runScenario" description="Runs Cucumber Scenarios" data-provider="scenarios" finished-at="2024-03-23T22:36:14 EDT" duration-ms="9525" status="PASS">
          <params>
            <param index="0">
              <value>
                <![CDATA["Clicking on Concepts under LinkedList and giving code in Try Editor"]]>
              </value>
            </param>
            <param index="1">
              <value>
                <![CDATA["Test Case Scenarios for LinkedList"]]>
              </value>
            </param>
          </params>
          <reporter-output>
          </reporter-output>
        </test-method> <!-- runScenario -->
        <test-method signature="runScenario(io.cucumber.testng.PickleWrapper,io.cucumber.testng.FeatureWrapper)[pri:0, instance:runner.TestRunner@50dfbc58]" started-at="2024-03-23T22:36:04 EDT" name="runScenario" description="Runs Cucumber Scenarios" data-provider="scenarios" finished-at="2024-03-23T22:36:15 EDT" duration-ms="11020" status="PASS">
          <params>
            <param index="0">
              <value>
                <![CDATA["Clicking on Concepts under LinkedList and giving code in Try Editor"]]>
              </value>
            </param>
            <param index="1">
              <value>
                <![CDATA["Test Case Scenarios for LinkedList"]]>
              </value>
            </param>
          </params>
          <reporter-output>
          </reporter-output>
        </test-method> <!-- runScenario -->
        <test-method signature="runScenario(io.cucumber.testng.PickleWrapper,io.cucumber.testng.FeatureWrapper)[pri:0, instance:runner.TestRunner@50dfbc58]" started-at="2024-03-23T22:36:04 EDT" name="runScenario" description="Runs Cucumber Scenarios" data-provider="scenarios" finished-at="2024-03-23T22:36:15 EDT" duration-ms="11097" status="PASS">
          <params>
            <param index="0">
              <value>
                <![CDATA["Clicking on Concepts under LinkedList and giving code in Try Editor"]]>
              </value>
            </param>
            <param index="1">
              <value>
                <![CDATA["Test Case Scenarios for LinkedList"]]>
              </value>
            </param>
          </params>
          <reporter-output>
          </reporter-output>
        </test-method> <!-- runScenario -->
        <test-method signature="runScenario(io.cucumber.testng.PickleWrapper,io.cucumber.testng.FeatureWrapper)[pri:0, instance:runner.TestRunner@50dfbc58]" started-at="2024-03-23T22:36:04 EDT" name="runScenario" description="Runs Cucumber Scenarios" data-provider="scenarios" finished-at="2024-03-23T22:36:15 EDT" duration-ms="10817" status="PASS">
          <params>
            <param index="0">
              <value>
                <![CDATA["Clicking on Concepts under LinkedList and giving code in Try Editor"]]>
              </value>
            </param>
            <param index="1">
              <value>
                <![CDATA["Test Case Scenarios for LinkedList"]]>
              </value>
            </param>
          </params>
          <reporter-output>
          </reporter-output>
        </test-method> <!-- runScenario -->
        <test-method signature="runScenario(io.cucumber.testng.PickleWrapper,io.cucumber.testng.FeatureWrapper)[pri:0, instance:runner.TestRunner@50dfbc58]" started-at="2024-03-23T22:36:04 EDT" name="runScenario" description="Runs Cucumber Scenarios" data-provider="scenarios" finished-at="2024-03-23T22:36:15 EDT" duration-ms="10607" status="PASS">
          <params>
            <param index="0">
              <value>
                <![CDATA["clicking on  concepts under DataStructures and giving code in Try Editor"]]>
              </value>
            </param>
            <param index="1">
              <value>
                <![CDATA["Test Case Scenarios for DS Introduction"]]>
              </value>
            </param>
          </params>
          <reporter-output>
          </reporter-output>
        </test-method> <!-- runScenario -->
        <test-method signature="runScenario(io.cucumber.testng.PickleWrapper,io.cucumber.testng.FeatureWrapper)[pri:0, instance:runner.TestRunner@50dfbc58]" started-at="2024-03-23T22:36:04 EDT" name="runScenario" description="Runs Cucumber Scenarios" data-provider="scenarios" finished-at="2024-03-23T22:36:14 EDT" duration-ms="9932" status="PASS">
          <params>
            <param index="0">
              <value>
                <![CDATA["Clicking on Concepts under LinkedList and giving code in Try Editor"]]>
              </value>
            </param>
            <param index="1">
              <value>
                <![CDATA["Test Case Scenarios for LinkedList"]]>
              </value>
            </param>
          </params>
          <reporter-output>
          </reporter-output>
        </test-method> <!-- runScenario -->
        <test-method signature="runScenario(io.cucumber.testng.PickleWrapper,io.cucumber.testng.FeatureWrapper)[pri:0, instance:runner.TestRunner@50dfbc58]" started-at="2024-03-23T22:36:04 EDT" name="runScenario" description="Runs Cucumber Scenarios" data-provider="scenarios" finished-at="2024-03-23T22:36:14 EDT" duration-ms="9525" status="PASS">
          <params>
            <param index="0">
              <value>
                <![CDATA["Clicking on Concepts under LinkedList and giving code in Try Editor"]]>
              </value>
            </param>
            <param index="1">
              <value>
                <![CDATA["Test Case Scenarios for LinkedList"]]>
              </value>
            </param>
          </params>
          <reporter-output>
          </reporter-output>
        </test-method> <!-- runScenario -->
        <test-method signature="runScenario(io.cucumber.testng.PickleWrapper,io.cucumber.testng.FeatureWrapper)[pri:0, instance:runner.TestRunner@50dfbc58]" started-at="2024-03-23T22:36:04 EDT" name="runScenario" description="Runs Cucumber Scenarios" data-provider="scenarios" finished-at="2024-03-23T22:36:14 EDT" duration-ms="10102" status="PASS">
          <params>
            <param index="0">
              <value>
                <![CDATA["clicking on  concepts under DataStructures and giving code in Try Editor"]]>
              </value>
            </param>
            <param index="1">
              <value>
                <![CDATA["Test Case Scenarios for DS Introduction"]]>
              </value>
            </param>
          </params>
          <reporter-output>
          </reporter-output>
        </test-method> <!-- runScenario -->
        <test-method signature="runScenario(io.cucumber.testng.PickleWrapper,io.cucumber.testng.FeatureWrapper)[pri:0, instance:runner.TestRunner@50dfbc58]" started-at="2024-03-23T22:36:04 EDT" name="runScenario" description="Runs Cucumber Scenarios" data-provider="scenarios" finished-at="2024-03-23T22:36:15 EDT" duration-ms="11419" status="PASS">
          <params>
            <param index="0">
              <value>
                <![CDATA["Clicking on Concepts under LinkedList and giving code in Try Editor"]]>
              </value>
            </param>
            <param index="1">
              <value>
                <![CDATA["Test Case Scenarios for LinkedList"]]>
              </value>
            </param>
          </params>
          <reporter-output>
          </reporter-output>
        </test-method> <!-- runScenario -->
        <test-method signature="runScenario(io.cucumber.testng.PickleWrapper,io.cucumber.testng.FeatureWrapper)[pri:0, instance:runner.TestRunner@50dfbc58]" started-at="2024-03-23T22:36:14 EDT" name="runScenario" description="Runs Cucumber Scenarios" data-provider="scenarios" finished-at="2024-03-23T22:36:21 EDT" duration-ms="7630" status="PASS">
          <params>
            <param index="0">
              <value>
                <![CDATA["Clicking on Concepts under LinkedList and giving code in Try Editor"]]>
              </value>
            </param>
            <param index="1">
              <value>
                <![CDATA["Test Case Scenarios for LinkedList"]]>
              </value>
            </param>
          </params>
          <reporter-output>
          </reporter-output>
        </test-method> <!-- runScenario -->
        <test-method signature="runScenario(io.cucumber.testng.PickleWrapper,io.cucumber.testng.FeatureWrapper)[pri:0, instance:runner.TestRunner@50dfbc58]" started-at="2024-03-23T22:36:14 EDT" name="runScenario" description="Runs Cucumber Scenarios" data-provider="scenarios" finished-at="2024-03-23T22:36:20 EDT" duration-ms="6763" status="PASS">
          <params>
            <param index="0">
              <value>
                <![CDATA["Clicking on Concepts under LinkedList and giving code in Try Editor"]]>
              </value>
            </param>
            <param index="1">
              <value>
                <![CDATA["Test Case Scenarios for LinkedList"]]>
              </value>
            </param>
          </params>
          <reporter-output>
          </reporter-output>
        </test-method> <!-- runScenario -->
        <test-method signature="runScenario(io.cucumber.testng.PickleWrapper,io.cucumber.testng.FeatureWrapper)[pri:0, instance:runner.TestRunner@50dfbc58]" started-at="2024-03-23T22:36:14 EDT" name="runScenario" description="Runs Cucumber Scenarios" data-provider="scenarios" finished-at="2024-03-23T22:36:21 EDT" duration-ms="7105" status="PASS">
          <params>
            <param index="0">
              <value>
                <![CDATA["Clicking on Concepts under LinkedList and giving code in Try Editor"]]>
              </value>
            </param>
            <param index="1">
              <value>
                <![CDATA["Test Case Scenarios for LinkedList"]]>
              </value>
            </param>
          </params>
          <reporter-output>
          </reporter-output>
        </test-method> <!-- runScenario -->
        <test-method signature="runScenario(io.cucumber.testng.PickleWrapper,io.cucumber.testng.FeatureWrapper)[pri:0, instance:runner.TestRunner@50dfbc58]" started-at="2024-03-23T22:36:14 EDT" name="runScenario" description="Runs Cucumber Scenarios" data-provider="scenarios" finished-at="2024-03-23T22:36:21 EDT" duration-ms="7159" status="PASS">
          <params>
            <param index="0">
              <value>
                <![CDATA["Clicking on Concepts under LinkedList and giving code in Try Editor"]]>
              </value>
            </param>
            <param index="1">
              <value>
                <![CDATA["Test Case Scenarios for LinkedList"]]>
              </value>
            </param>
          </params>
          <reporter-output>
          </reporter-output>
        </test-method> <!-- runScenario -->
        <test-method signature="runScenario(io.cucumber.testng.PickleWrapper,io.cucumber.testng.FeatureWrapper)[pri:0, instance:runner.TestRunner@50dfbc58]" started-at="2024-03-23T22:36:14 EDT" name="runScenario" description="Runs Cucumber Scenarios" data-provider="scenarios" finished-at="2024-03-23T22:36:20 EDT" duration-ms="5902" status="PASS">
          <params>
            <param index="0">
              <value>
                <![CDATA["Clicking on Concepts under LinkedList and giving code in Try Editor"]]>
              </value>
            </param>
            <param index="1">
              <value>
                <![CDATA["Test Case Scenarios for LinkedList"]]>
              </value>
            </param>
          </params>
          <reporter-output>
          </reporter-output>
        </test-method> <!-- runScenario -->
        <test-method signature="runScenario(io.cucumber.testng.PickleWrapper,io.cucumber.testng.FeatureWrapper)[pri:0, instance:runner.TestRunner@50dfbc58]" started-at="2024-03-23T22:36:15 EDT" name="runScenario" description="Runs Cucumber Scenarios" data-provider="scenarios" finished-at="2024-03-23T22:36:21 EDT" duration-ms="6095" status="PASS">
          <params>
            <param index="0">
              <value>
                <![CDATA["Clicking on Concepts under LinkedList and giving code in Try Editor"]]>
              </value>
            </param>
            <param index="1">
              <value>
                <![CDATA["Test Case Scenarios for LinkedList"]]>
              </value>
            </param>
          </params>
          <reporter-output>
          </reporter-output>
        </test-method> <!-- runScenario -->
        <test-method signature="runScenario(io.cucumber.testng.PickleWrapper,io.cucumber.testng.FeatureWrapper)[pri:0, instance:runner.TestRunner@50dfbc58]" started-at="2024-03-23T22:36:15 EDT" name="runScenario" description="Runs Cucumber Scenarios" data-provider="scenarios" finished-at="2024-03-23T22:36:21 EDT" duration-ms="6443" status="PASS">
          <params>
            <param index="0">
              <value>
                <![CDATA["Clicking on Concepts under LinkedList and giving code in Try Editor"]]>
              </value>
            </param>
            <param index="1">
              <value>
                <![CDATA["Test Case Scenarios for LinkedList"]]>
              </value>
            </param>
          </params>
          <reporter-output>
          </reporter-output>
        </test-method> <!-- runScenario -->
        <test-method signature="runScenario(io.cucumber.testng.PickleWrapper,io.cucumber.testng.FeatureWrapper)[pri:0, instance:runner.TestRunner@50dfbc58]" started-at="2024-03-23T22:36:15 EDT" name="runScenario" description="Runs Cucumber Scenarios" data-provider="scenarios" finished-at="2024-03-23T22:36:22 EDT" duration-ms="7232" status="PASS">
          <params>
            <param index="0">
              <value>
                <![CDATA["Clicking on Concepts under LinkedList and giving code in Try Editor"]]>
              </value>
            </param>
            <param index="1">
              <value>
                <![CDATA["Test Case Scenarios for LinkedList"]]>
              </value>
            </param>
          </params>
          <reporter-output>
          </reporter-output>
        </test-method> <!-- runScenario -->
        <test-method signature="runScenario(io.cucumber.testng.PickleWrapper,io.cucumber.testng.FeatureWrapper)[pri:0, instance:runner.TestRunner@50dfbc58]" started-at="2024-03-23T22:36:15 EDT" name="runScenario" description="Runs Cucumber Scenarios" data-provider="scenarios" finished-at="2024-03-23T22:36:22 EDT" duration-ms="6630" status="PASS">
          <params>
            <param index="0">
              <value>
                <![CDATA["Clicking on Concepts under LinkedList and giving code in Try Editor"]]>
              </value>
            </param>
            <param index="1">
              <value>
                <![CDATA["Test Case Scenarios for LinkedList"]]>
              </value>
            </param>
          </params>
          <reporter-output>
          </reporter-output>
        </test-method> <!-- runScenario -->
        <test-method signature="runScenario(io.cucumber.testng.PickleWrapper,io.cucumber.testng.FeatureWrapper)[pri:0, instance:runner.TestRunner@50dfbc58]" started-at="2024-03-23T22:36:16 EDT" name="runScenario" description="Runs Cucumber Scenarios" data-provider="scenarios" finished-at="2024-03-23T22:36:23 EDT" duration-ms="7198" status="PASS">
          <params>
            <param index="0">
              <value>
                <![CDATA["Clicking on Concepts under LinkedList and giving code in Try Editor"]]>
              </value>
            </param>
            <param index="1">
              <value>
                <![CDATA["Test Case Scenarios for LinkedList"]]>
              </value>
            </param>
          </params>
          <reporter-output>
          </reporter-output>
        </test-method> <!-- runScenario -->
        <test-method signature="runScenario(io.cucumber.testng.PickleWrapper,io.cucumber.testng.FeatureWrapper)[pri:0, instance:runner.TestRunner@50dfbc58]" started-at="2024-03-23T22:36:20 EDT" name="runScenario" description="Runs Cucumber Scenarios" data-provider="scenarios" finished-at="2024-03-23T22:36:27 EDT" duration-ms="7279" status="PASS">
          <params>
            <param index="0">
              <value>
                <![CDATA["Clicking on Concepts under LinkedList and giving code in Try Editor"]]>
              </value>
            </param>
            <param index="1">
              <value>
                <![CDATA["Test Case Scenarios for LinkedList"]]>
              </value>
            </param>
          </params>
          <reporter-output>
          </reporter-output>
        </test-method> <!-- runScenario -->
        <test-method signature="runScenario(io.cucumber.testng.PickleWrapper,io.cucumber.testng.FeatureWrapper)[pri:0, instance:runner.TestRunner@50dfbc58]" started-at="2024-03-23T22:36:20 EDT" name="runScenario" description="Runs Cucumber Scenarios" data-provider="scenarios" finished-at="2024-03-23T22:36:24 EDT" duration-ms="3937" status="PASS">
          <params>
            <param index="0">
              <value>
                <![CDATA["Land on algoportal and click GetStarted"]]>
              </value>
            </param>
            <param index="1">
              <value>
                <![CDATA["Landing on dsalgoportal"]]>
              </value>
            </param>
          </params>
          <reporter-output>
          </reporter-output>
        </test-method> <!-- runScenario -->
        <test-method signature="runScenario(io.cucumber.testng.PickleWrapper,io.cucumber.testng.FeatureWrapper)[pri:0, instance:runner.TestRunner@50dfbc58]" started-at="2024-03-23T22:36:21 EDT" name="runScenario" description="Runs Cucumber Scenarios" data-provider="scenarios" finished-at="2024-03-23T22:36:25 EDT" duration-ms="4043" status="PASS">
          <params>
            <param index="0">
              <value>
                <![CDATA["DropDown options check"]]>
              </value>
            </param>
            <param index="1">
              <value>
                <![CDATA["DS Algo Introduction Page"]]>
              </value>
            </param>
          </params>
          <reporter-output>
          </reporter-output>
        </test-method> <!-- runScenario -->
        <test-method signature="runScenario(io.cucumber.testng.PickleWrapper,io.cucumber.testng.FeatureWrapper)[pri:0, instance:runner.TestRunner@50dfbc58]" started-at="2024-03-23T22:36:21 EDT" name="runScenario" description="Runs Cucumber Scenarios" data-provider="scenarios" finished-at="2024-03-23T22:36:24 EDT" duration-ms="3285" status="PASS">
          <params>
            <param index="0">
              <value>
                <![CDATA["DropDown option click and check for error message"]]>
              </value>
            </param>
            <param index="1">
              <value>
                <![CDATA["DS Algo Introduction Page"]]>
              </value>
            </param>
          </params>
          <reporter-output>
          </reporter-output>
        </test-method> <!-- runScenario -->
        <test-method signature="runScenario(io.cucumber.testng.PickleWrapper,io.cucumber.testng.FeatureWrapper)[pri:0, instance:runner.TestRunner@50dfbc58]" started-at="2024-03-23T22:36:21 EDT" name="runScenario" description="Runs Cucumber Scenarios" data-provider="scenarios" finished-at="2024-03-23T22:36:25 EDT" duration-ms="3673" status="PASS">
          <params>
            <param index="0">
              <value>
                <![CDATA["Clicks any Ds GetStarted button and check error message"]]>
              </value>
            </param>
            <param index="1">
              <value>
                <![CDATA["DS Algo Introduction Page"]]>
              </value>
            </param>
          </params>
          <reporter-output>
          </reporter-output>
        </test-method> <!-- runScenario -->
        <test-method signature="runScenario(io.cucumber.testng.PickleWrapper,io.cucumber.testng.FeatureWrapper)[pri:0, instance:runner.TestRunner@50dfbc58]" started-at="2024-03-23T22:36:21 EDT" name="runScenario" description="Runs Cucumber Scenarios" data-provider="scenarios" finished-at="2024-03-23T22:36:25 EDT" duration-ms="3445" status="PASS">
          <params>
            <param index="0">
              <value>
                <![CDATA["Land on Registration Page"]]>
              </value>
            </param>
            <param index="1">
              <value>
                <![CDATA["DS Algo Introduction Page"]]>
              </value>
            </param>
          </params>
          <reporter-output>
          </reporter-output>
        </test-method> <!-- runScenario -->
        <test-method signature="runScenario(io.cucumber.testng.PickleWrapper,io.cucumber.testng.FeatureWrapper)[pri:0, instance:runner.TestRunner@50dfbc58]" started-at="2024-03-23T22:36:21 EDT" name="runScenario" description="Runs Cucumber Scenarios" data-provider="scenarios" finished-at="2024-03-23T22:36:25 EDT" duration-ms="3654" status="PASS">
          <params>
            <param index="0">
              <value>
                <![CDATA["Landing on Login Page"]]>
              </value>
            </param>
            <param index="1">
              <value>
                <![CDATA["DS Algo Introduction Page"]]>
              </value>
            </param>
          </params>
          <reporter-output>
          </reporter-output>
        </test-method> <!-- runScenario -->
        <test-method signature="runScenario(io.cucumber.testng.PickleWrapper,io.cucumber.testng.FeatureWrapper)[pri:0, instance:runner.TestRunner@50dfbc58]" started-at="2024-03-23T22:36:22 EDT" name="runScenario" description="Runs Cucumber Scenarios" data-provider="scenarios" finished-at="2024-03-23T22:36:25 EDT" duration-ms="3422" status="PASS">
          <params>
            <param index="0">
              <value>
                <![CDATA["Register with empty fields"]]>
              </value>
            </param>
            <param index="1">
              <value>
                <![CDATA["Register Page Test Scenarios"]]>
              </value>
            </param>
          </params>
          <reporter-output>
          </reporter-output>
        </test-method> <!-- runScenario -->
        <test-method signature="runScenario(io.cucumber.testng.PickleWrapper,io.cucumber.testng.FeatureWrapper)[pri:0, instance:runner.TestRunner@50dfbc58]" started-at="2024-03-23T22:36:22 EDT" name="runScenario" description="Runs Cucumber Scenarios" data-provider="scenarios" finished-at="2024-03-23T22:36:27 EDT" duration-ms="4856" status="PASS">
          <params>
            <param index="0">
              <value>
                <![CDATA["Register with only username field"]]>
              </value>
            </param>
            <param index="1">
              <value>
                <![CDATA["Register Page Test Scenarios"]]>
              </value>
            </param>
          </params>
          <reporter-output>
          </reporter-output>
        </test-method> <!-- runScenario -->
        <test-method signature="runScenario(io.cucumber.testng.PickleWrapper,io.cucumber.testng.FeatureWrapper)[pri:0, instance:runner.TestRunner@50dfbc58]" started-at="2024-03-23T22:36:23 EDT" name="runScenario" description="Runs Cucumber Scenarios" data-provider="scenarios" finished-at="2024-03-23T22:36:27 EDT" duration-ms="4551" status="PASS">
          <params>
            <param index="0">
              <value>
                <![CDATA["Register without confirm password field"]]>
              </value>
            </param>
            <param index="1">
              <value>
                <![CDATA["Register Page Test Scenarios"]]>
              </value>
            </param>
          </params>
          <reporter-output>
          </reporter-output>
        </test-method> <!-- runScenario -->
        <test-method signature="runScenario(io.cucumber.testng.PickleWrapper,io.cucumber.testng.FeatureWrapper)[pri:0, instance:runner.TestRunner@50dfbc58]" started-at="2024-03-23T22:36:24 EDT" name="runScenario" description="Runs Cucumber Scenarios" data-provider="scenarios" finished-at="2024-03-23T22:36:29 EDT" duration-ms="4892" status="PASS">
          <params>
            <param index="0">
              <value>
                <![CDATA["Register with space and * in username field"]]>
              </value>
            </param>
            <param index="1">
              <value>
                <![CDATA["Register Page Test Scenarios"]]>
              </value>
            </param>
          </params>
          <reporter-output>
          </reporter-output>
        </test-method> <!-- runScenario -->
        <test-method signature="runScenario(io.cucumber.testng.PickleWrapper,io.cucumber.testng.FeatureWrapper)[pri:0, instance:runner.TestRunner@50dfbc58]" started-at="2024-03-23T22:36:24 EDT" name="runScenario" description="Runs Cucumber Scenarios" data-provider="scenarios" finished-at="2024-03-23T22:36:29 EDT" duration-ms="4687" status="PASS">
          <params>
            <param index="0">
              <value>
                <![CDATA["Register with invalid password fields with all numbers and lessthan 8 characters"]]>
              </value>
            </param>
            <param index="1">
              <value>
                <![CDATA["Register Page Test Scenarios"]]>
              </value>
            </param>
          </params>
          <reporter-output>
          </reporter-output>
        </test-method> <!-- runScenario -->
        <test-method signature="runScenario(io.cucumber.testng.PickleWrapper,io.cucumber.testng.FeatureWrapper)[pri:0, instance:runner.TestRunner@50dfbc58]" started-at="2024-03-23T22:36:25 EDT" name="runScenario" description="Runs Cucumber Scenarios" data-provider="scenarios" finished-at="2024-03-23T22:36:31 EDT" duration-ms="6091" status="PASS">
          <params>
            <param index="0">
              <value>
                <![CDATA["Register with invalid password fields with all numbers and lessthan 8 characters"]]>
              </value>
            </param>
            <param index="1">
              <value>
                <![CDATA["Register Page Test Scenarios"]]>
              </value>
            </param>
          </params>
          <reporter-output>
          </reporter-output>
        </test-method> <!-- runScenario -->
        <test-method signature="runScenario(io.cucumber.testng.PickleWrapper,io.cucumber.testng.FeatureWrapper)[pri:0, instance:runner.TestRunner@50dfbc58]" started-at="2024-03-23T22:36:25 EDT" name="runScenario" description="Runs Cucumber Scenarios" data-provider="scenarios" finished-at="2024-03-23T22:36:31 EDT" duration-ms="6124" status="PASS">
          <params>
            <param index="0">
              <value>
                <![CDATA["Register with passwords mismatch"]]>
              </value>
            </param>
            <param index="1">
              <value>
                <![CDATA["Register Page Test Scenarios"]]>
              </value>
            </param>
          </params>
          <reporter-output>
          </reporter-output>
        </test-method> <!-- runScenario -->
        <test-method signature="runScenario(io.cucumber.testng.PickleWrapper,io.cucumber.testng.FeatureWrapper)[pri:0, instance:runner.TestRunner@50dfbc58]" started-at="2024-03-23T22:36:25 EDT" name="runScenario" description="Runs Cucumber Scenarios" data-provider="scenarios" finished-at="2024-03-23T22:36:31 EDT" duration-ms="6154" status="PASS">
          <params>
            <param index="0">
              <value>
                <![CDATA["Register with existing username and password"]]>
              </value>
            </param>
            <param index="1">
              <value>
                <![CDATA["Register Page Test Scenarios"]]>
              </value>
            </param>
          </params>
          <reporter-output>
          </reporter-output>
        </test-method> <!-- runScenario -->
        <test-method signature="runScenario(io.cucumber.testng.PickleWrapper,io.cucumber.testng.FeatureWrapper)[pri:0, instance:runner.TestRunner@50dfbc58]" started-at="2024-03-23T22:36:25 EDT" name="runScenario" description="Runs Cucumber Scenarios" data-provider="scenarios" finished-at="2024-03-23T22:36:31 EDT" duration-ms="5829" status="PASS">
          <params>
            <param index="0">
              <value>
                <![CDATA["Validating Login process for User with invalid data"]]>
              </value>
            </param>
            <param index="1">
              <value>
                <![CDATA["Login Page Test Case Scenarios"]]>
              </value>
            </param>
          </params>
          <reporter-output>
          </reporter-output>
        </test-method> <!-- runScenario -->
        <test-method signature="runScenario(io.cucumber.testng.PickleWrapper,io.cucumber.testng.FeatureWrapper)[pri:0, instance:runner.TestRunner@50dfbc58]" started-at="2024-03-23T22:36:25 EDT" name="runScenario" description="Runs Cucumber Scenarios" data-provider="scenarios" finished-at="2024-03-23T22:36:31 EDT" duration-ms="5676" status="PASS">
          <params>
            <param index="0">
              <value>
                <![CDATA["Validating Login process for User with invalid data"]]>
              </value>
            </param>
            <param index="1">
              <value>
                <![CDATA["Login Page Test Case Scenarios"]]>
              </value>
            </param>
          </params>
          <reporter-output>
          </reporter-output>
        </test-method> <!-- runScenario -->
        <test-method signature="runScenario(io.cucumber.testng.PickleWrapper,io.cucumber.testng.FeatureWrapper)[pri:0, instance:runner.TestRunner@50dfbc58]" started-at="2024-03-23T22:36:27 EDT" name="runScenario" description="Runs Cucumber Scenarios" data-provider="scenarios" finished-at="2024-03-23T22:36:31 EDT" duration-ms="4302" status="PASS">
          <params>
            <param index="0">
              <value>
                <![CDATA["Validating Login process for User with invalid data"]]>
              </value>
            </param>
            <param index="1">
              <value>
                <![CDATA["Login Page Test Case Scenarios"]]>
              </value>
            </param>
          </params>
          <reporter-output>
          </reporter-output>
        </test-method> <!-- runScenario -->
        <test-method signature="runScenario(io.cucumber.testng.PickleWrapper,io.cucumber.testng.FeatureWrapper)[pri:0, instance:runner.TestRunner@50dfbc58]" started-at="2024-03-23T22:36:27 EDT" name="runScenario" description="Runs Cucumber Scenarios" data-provider="scenarios" finished-at="2024-03-23T22:36:31 EDT" duration-ms="4018" status="PASS">
          <params>
            <param index="0">
              <value>
                <![CDATA["Validating Login process for User with invalid data"]]>
              </value>
            </param>
            <param index="1">
              <value>
                <![CDATA["Login Page Test Case Scenarios"]]>
              </value>
            </param>
          </params>
          <reporter-output>
          </reporter-output>
        </test-method> <!-- runScenario -->
        <test-method signature="runScenario(io.cucumber.testng.PickleWrapper,io.cucumber.testng.FeatureWrapper)[pri:0, instance:runner.TestRunner@50dfbc58]" started-at="2024-03-23T22:36:27 EDT" name="runScenario" description="Runs Cucumber Scenarios" data-provider="scenarios" finished-at="2024-03-23T22:36:31 EDT" duration-ms="3929" status="PASS">
          <params>
            <param index="0">
              <value>
                <![CDATA["Validating Login process for User with invalid data"]]>
              </value>
            </param>
            <param index="1">
              <value>
                <![CDATA["Login Page Test Case Scenarios"]]>
              </value>
            </param>
          </params>
          <reporter-output>
          </reporter-output>
        </test-method> <!-- runScenario -->
        <test-method signature="runScenario(io.cucumber.testng.PickleWrapper,io.cucumber.testng.FeatureWrapper)[pri:0, instance:runner.TestRunner@50dfbc58]" started-at="2024-03-23T22:36:29 EDT" name="runScenario" description="Runs Cucumber Scenarios" data-provider="scenarios" finished-at="2024-03-23T22:36:32 EDT" duration-ms="3475" status="PASS">
          <params>
            <param index="0">
              <value>
                <![CDATA["Validating Login process with all empty fields"]]>
              </value>
            </param>
            <param index="1">
              <value>
                <![CDATA["Login Page Test Case Scenarios"]]>
              </value>
            </param>
          </params>
          <reporter-output>
          </reporter-output>
        </test-method> <!-- runScenario -->
        <test-method signature="runScenario(io.cucumber.testng.PickleWrapper,io.cucumber.testng.FeatureWrapper)[pri:0, instance:runner.TestRunner@50dfbc58]" started-at="2024-03-23T22:36:29 EDT" name="runScenario" description="Runs Cucumber Scenarios" data-provider="scenarios" finished-at="2024-03-23T22:36:34 EDT" duration-ms="5028" status="PASS">
          <params>
            <param index="0">
              <value>
                <![CDATA["Validating Login Page with valid data"]]>
              </value>
            </param>
            <param index="1">
              <value>
                <![CDATA["Login Page Test Case Scenarios"]]>
              </value>
            </param>
          </params>
          <reporter-output>
          </reporter-output>
        </test-method> <!-- runScenario -->
        <test-method signature="runScenario(io.cucumber.testng.PickleWrapper,io.cucumber.testng.FeatureWrapper)[pri:0, instance:runner.TestRunner@50dfbc58]" started-at="2024-03-23T22:36:31 EDT" name="runScenario" description="Runs Cucumber Scenarios" data-provider="scenarios" finished-at="2024-03-23T22:36:43 EDT" duration-ms="11806" status="PASS">
          <params>
            <param index="0">
              <value>
                <![CDATA["clicking on concepts under tree and giving code in try Editor"]]>
              </value>
            </param>
            <param index="1">
              <value>
                <![CDATA["Test Case Scenarios for Tree DS"]]>
              </value>
            </param>
          </params>
          <reporter-output>
          </reporter-output>
        </test-method> <!-- runScenario -->
        <test-method signature="runScenario(io.cucumber.testng.PickleWrapper,io.cucumber.testng.FeatureWrapper)[pri:0, instance:runner.TestRunner@50dfbc58]" started-at="2024-03-23T22:36:31 EDT" name="runScenario" description="Runs Cucumber Scenarios" data-provider="scenarios" finished-at="2024-03-23T22:36:40 EDT" duration-ms="8851" status="PASS">
          <params>
            <param index="0">
              <value>
                <![CDATA["clicking on concepts under tree and giving code in try Editor"]]>
              </value>
            </param>
            <param index="1">
              <value>
                <![CDATA["Test Case Scenarios for Tree DS"]]>
              </value>
            </param>
          </params>
          <reporter-output>
          </reporter-output>
        </test-method> <!-- runScenario -->
        <test-method signature="runScenario(io.cucumber.testng.PickleWrapper,io.cucumber.testng.FeatureWrapper)[pri:0, instance:runner.TestRunner@50dfbc58]" started-at="2024-03-23T22:36:31 EDT" name="runScenario" description="Runs Cucumber Scenarios" data-provider="scenarios" finished-at="2024-03-23T22:36:40 EDT" duration-ms="8985" status="PASS">
          <params>
            <param index="0">
              <value>
                <![CDATA["clicking on concepts under tree and giving code in try Editor"]]>
              </value>
            </param>
            <param index="1">
              <value>
                <![CDATA["Test Case Scenarios for Tree DS"]]>
              </value>
            </param>
          </params>
          <reporter-output>
          </reporter-output>
        </test-method> <!-- runScenario -->
        <test-method signature="runScenario(io.cucumber.testng.PickleWrapper,io.cucumber.testng.FeatureWrapper)[pri:0, instance:runner.TestRunner@50dfbc58]" started-at="2024-03-23T22:36:31 EDT" name="runScenario" description="Runs Cucumber Scenarios" data-provider="scenarios" finished-at="2024-03-23T22:36:39 EDT" duration-ms="7992" status="PASS">
          <params>
            <param index="0">
              <value>
                <![CDATA["clicking on concepts under tree and giving code in try Editor"]]>
              </value>
            </param>
            <param index="1">
              <value>
                <![CDATA["Test Case Scenarios for Tree DS"]]>
              </value>
            </param>
          </params>
          <reporter-output>
          </reporter-output>
        </test-method> <!-- runScenario -->
        <test-method signature="runScenario(io.cucumber.testng.PickleWrapper,io.cucumber.testng.FeatureWrapper)[pri:0, instance:runner.TestRunner@50dfbc58]" started-at="2024-03-23T22:36:31 EDT" name="runScenario" description="Runs Cucumber Scenarios" data-provider="scenarios" finished-at="2024-03-23T22:36:40 EDT" duration-ms="8857" status="PASS">
          <params>
            <param index="0">
              <value>
                <![CDATA["clicking on concepts under tree and giving code in try Editor"]]>
              </value>
            </param>
            <param index="1">
              <value>
                <![CDATA["Test Case Scenarios for Tree DS"]]>
              </value>
            </param>
          </params>
          <reporter-output>
          </reporter-output>
        </test-method> <!-- runScenario -->
        <test-method signature="runScenario(io.cucumber.testng.PickleWrapper,io.cucumber.testng.FeatureWrapper)[pri:0, instance:runner.TestRunner@50dfbc58]" started-at="2024-03-23T22:36:31 EDT" name="runScenario" description="Runs Cucumber Scenarios" data-provider="scenarios" finished-at="2024-03-23T22:36:39 EDT" duration-ms="8196" status="PASS">
          <params>
            <param index="0">
              <value>
                <![CDATA["clicking on concepts under tree and giving code in try Editor"]]>
              </value>
            </param>
            <param index="1">
              <value>
                <![CDATA["Test Case Scenarios for Tree DS"]]>
              </value>
            </param>
          </params>
          <reporter-output>
          </reporter-output>
        </test-method> <!-- runScenario -->
        <test-method signature="runScenario(io.cucumber.testng.PickleWrapper,io.cucumber.testng.FeatureWrapper)[pri:0, instance:runner.TestRunner@50dfbc58]" started-at="2024-03-23T22:36:31 EDT" name="runScenario" description="Runs Cucumber Scenarios" data-provider="scenarios" finished-at="2024-03-23T22:36:40 EDT" duration-ms="8600" status="PASS">
          <params>
            <param index="0">
              <value>
                <![CDATA["clicking on concepts under tree and giving code in try Editor"]]>
              </value>
            </param>
            <param index="1">
              <value>
                <![CDATA["Test Case Scenarios for Tree DS"]]>
              </value>
            </param>
          </params>
          <reporter-output>
          </reporter-output>
        </test-method> <!-- runScenario -->
        <test-method signature="runScenario(io.cucumber.testng.PickleWrapper,io.cucumber.testng.FeatureWrapper)[pri:0, instance:runner.TestRunner@50dfbc58]" started-at="2024-03-23T22:36:31 EDT" name="runScenario" description="Runs Cucumber Scenarios" data-provider="scenarios" finished-at="2024-03-23T22:36:40 EDT" duration-ms="8650" status="PASS">
          <params>
            <param index="0">
              <value>
                <![CDATA["clicking on concepts under tree and giving code in try Editor"]]>
              </value>
            </param>
            <param index="1">
              <value>
                <![CDATA["Test Case Scenarios for Tree DS"]]>
              </value>
            </param>
          </params>
          <reporter-output>
          </reporter-output>
        </test-method> <!-- runScenario -->
        <test-method signature="runScenario(io.cucumber.testng.PickleWrapper,io.cucumber.testng.FeatureWrapper)[pri:0, instance:runner.TestRunner@50dfbc58]" started-at="2024-03-23T22:36:32 EDT" name="runScenario" description="Runs Cucumber Scenarios" data-provider="scenarios" finished-at="2024-03-23T22:36:41 EDT" duration-ms="8331" status="PASS">
          <params>
            <param index="0">
              <value>
                <![CDATA["clicking on concepts under tree and giving code in try Editor"]]>
              </value>
            </param>
            <param index="1">
              <value>
                <![CDATA["Test Case Scenarios for Tree DS"]]>
              </value>
            </param>
          </params>
          <reporter-output>
          </reporter-output>
        </test-method> <!-- runScenario -->
        <test-method signature="runScenario(io.cucumber.testng.PickleWrapper,io.cucumber.testng.FeatureWrapper)[pri:0, instance:runner.TestRunner@50dfbc58]" started-at="2024-03-23T22:36:34 EDT" name="runScenario" description="Runs Cucumber Scenarios" data-provider="scenarios" finished-at="2024-03-23T22:36:43 EDT" duration-ms="8643" status="PASS">
          <params>
            <param index="0">
              <value>
                <![CDATA["clicking on concepts under tree and giving code in try Editor"]]>
              </value>
            </param>
            <param index="1">
              <value>
                <![CDATA["Test Case Scenarios for Tree DS"]]>
              </value>
            </param>
          </params>
          <reporter-output>
          </reporter-output>
        </test-method> <!-- runScenario -->
        <test-method signature="runScenario(io.cucumber.testng.PickleWrapper,io.cucumber.testng.FeatureWrapper)[pri:0, instance:runner.TestRunner@50dfbc58]" started-at="2024-03-23T22:36:39 EDT" name="runScenario" description="Runs Cucumber Scenarios" data-provider="scenarios" finished-at="2024-03-23T22:36:46 EDT" duration-ms="7243" status="PASS">
          <params>
            <param index="0">
              <value>
                <![CDATA["clicking on concepts under tree and giving code in try Editor"]]>
              </value>
            </param>
            <param index="1">
              <value>
                <![CDATA["Test Case Scenarios for Tree DS"]]>
              </value>
            </param>
          </params>
          <reporter-output>
          </reporter-output>
        </test-method> <!-- runScenario -->
        <test-method signature="runScenario(io.cucumber.testng.PickleWrapper,io.cucumber.testng.FeatureWrapper)[pri:0, instance:runner.TestRunner@50dfbc58]" started-at="2024-03-23T22:36:39 EDT" name="runScenario" description="Runs Cucumber Scenarios" data-provider="scenarios" finished-at="2024-03-23T22:36:47 EDT" duration-ms="7868" status="PASS">
          <params>
            <param index="0">
              <value>
                <![CDATA["clicking on concepts under tree and giving code in try Editor"]]>
              </value>
            </param>
            <param index="1">
              <value>
                <![CDATA["Test Case Scenarios for Tree DS"]]>
              </value>
            </param>
          </params>
          <reporter-output>
          </reporter-output>
        </test-method> <!-- runScenario -->
        <test-method signature="runScenario(io.cucumber.testng.PickleWrapper,io.cucumber.testng.FeatureWrapper)[pri:0, instance:runner.TestRunner@50dfbc58]" started-at="2024-03-23T22:36:40 EDT" name="runScenario" description="Runs Cucumber Scenarios" data-provider="scenarios" finished-at="2024-03-23T22:36:48 EDT" duration-ms="8441" status="PASS">
          <params>
            <param index="0">
              <value>
                <![CDATA["clicking on concepts under tree and giving code in try Editor"]]>
              </value>
            </param>
            <param index="1">
              <value>
                <![CDATA["Test Case Scenarios for Tree DS"]]>
              </value>
            </param>
          </params>
          <reporter-output>
          </reporter-output>
        </test-method> <!-- runScenario -->
        <test-method signature="runScenario(io.cucumber.testng.PickleWrapper,io.cucumber.testng.FeatureWrapper)[pri:0, instance:runner.TestRunner@50dfbc58]" started-at="2024-03-23T22:36:40 EDT" name="runScenario" description="Runs Cucumber Scenarios" data-provider="scenarios" finished-at="2024-03-23T22:36:49 EDT" duration-ms="8850" status="PASS">
          <params>
            <param index="0">
              <value>
                <![CDATA["clicking on concepts under tree and giving code in try Editor"]]>
              </value>
            </param>
            <param index="1">
              <value>
                <![CDATA["Test Case Scenarios for Tree DS"]]>
              </value>
            </param>
          </params>
          <reporter-output>
          </reporter-output>
        </test-method> <!-- runScenario -->
        <test-method signature="runScenario(io.cucumber.testng.PickleWrapper,io.cucumber.testng.FeatureWrapper)[pri:0, instance:runner.TestRunner@50dfbc58]" started-at="2024-03-23T22:36:40 EDT" name="runScenario" description="Runs Cucumber Scenarios" data-provider="scenarios" finished-at="2024-03-23T22:36:48 EDT" duration-ms="8410" status="PASS">
          <params>
            <param index="0">
              <value>
                <![CDATA["clicking on concepts under tree and giving code in try Editor"]]>
              </value>
            </param>
            <param index="1">
              <value>
                <![CDATA["Test Case Scenarios for Tree DS"]]>
              </value>
            </param>
          </params>
          <reporter-output>
          </reporter-output>
        </test-method> <!-- runScenario -->
        <test-method signature="runScenario(io.cucumber.testng.PickleWrapper,io.cucumber.testng.FeatureWrapper)[pri:0, instance:runner.TestRunner@50dfbc58]" started-at="2024-03-23T22:36:40 EDT" name="runScenario" description="Runs Cucumber Scenarios" data-provider="scenarios" finished-at="2024-03-23T22:36:49 EDT" duration-ms="8768" status="PASS">
          <params>
            <param index="0">
              <value>
                <![CDATA["clicking on concepts under tree and giving code in try Editor"]]>
              </value>
            </param>
            <param index="1">
              <value>
                <![CDATA["Test Case Scenarios for Tree DS"]]>
              </value>
            </param>
          </params>
          <reporter-output>
          </reporter-output>
        </test-method> <!-- runScenario -->
        <test-method signature="runScenario(io.cucumber.testng.PickleWrapper,io.cucumber.testng.FeatureWrapper)[pri:0, instance:runner.TestRunner@50dfbc58]" started-at="2024-03-23T22:36:40 EDT" name="runScenario" description="Runs Cucumber Scenarios" data-provider="scenarios" finished-at="2024-03-23T22:36:49 EDT" duration-ms="8531" status="PASS">
          <params>
            <param index="0">
              <value>
                <![CDATA["clicking on concepts under tree and giving code in try Editor"]]>
              </value>
            </param>
            <param index="1">
              <value>
                <![CDATA["Test Case Scenarios for Tree DS"]]>
              </value>
            </param>
          </params>
          <reporter-output>
          </reporter-output>
        </test-method> <!-- runScenario -->
        <test-method signature="runScenario(io.cucumber.testng.PickleWrapper,io.cucumber.testng.FeatureWrapper)[pri:0, instance:runner.TestRunner@50dfbc58]" started-at="2024-03-23T22:36:41 EDT" name="runScenario" description="Runs Cucumber Scenarios" data-provider="scenarios" finished-at="2024-03-23T22:36:50 EDT" duration-ms="8826" status="PASS">
          <params>
            <param index="0">
              <value>
                <![CDATA["clicking on concepts under tree and giving code in try Editor"]]>
              </value>
            </param>
            <param index="1">
              <value>
                <![CDATA["Test Case Scenarios for Tree DS"]]>
              </value>
            </param>
          </params>
          <reporter-output>
          </reporter-output>
        </test-method> <!-- runScenario -->
        <test-method signature="runScenario(io.cucumber.testng.PickleWrapper,io.cucumber.testng.FeatureWrapper)[pri:0, instance:runner.TestRunner@50dfbc58]" started-at="2024-03-23T22:36:43 EDT" name="runScenario" description="Runs Cucumber Scenarios" data-provider="scenarios" finished-at="2024-03-23T22:36:51 EDT" duration-ms="8202" status="PASS">
          <params>
            <param index="0">
              <value>
                <![CDATA["clicking on concepts under tree and giving code in try Editor"]]>
              </value>
            </param>
            <param index="1">
              <value>
                <![CDATA["Test Case Scenarios for Tree DS"]]>
              </value>
            </param>
          </params>
          <reporter-output>
          </reporter-output>
        </test-method> <!-- runScenario -->
        <test-method signature="runScenario(io.cucumber.testng.PickleWrapper,io.cucumber.testng.FeatureWrapper)[pri:0, instance:runner.TestRunner@50dfbc58]" started-at="2024-03-23T22:36:43 EDT" name="runScenario" description="Runs Cucumber Scenarios" data-provider="scenarios" finished-at="2024-03-23T22:36:51 EDT" duration-ms="8054" status="PASS">
          <params>
            <param index="0">
              <value>
                <![CDATA["clicking on concepts under tree and giving code in try Editor"]]>
              </value>
            </param>
            <param index="1">
              <value>
                <![CDATA["Test Case Scenarios for Tree DS"]]>
              </value>
            </param>
          </params>
          <reporter-output>
          </reporter-output>
        </test-method> <!-- runScenario -->
        <test-method signature="runScenario(io.cucumber.testng.PickleWrapper,io.cucumber.testng.FeatureWrapper)[pri:0, instance:runner.TestRunner@50dfbc58]" started-at="2024-03-23T22:36:46 EDT" name="runScenario" description="Runs Cucumber Scenarios" data-provider="scenarios" finished-at="2024-03-23T22:36:53 EDT" duration-ms="7198" status="PASS">
          <params>
            <param index="0">
              <value>
                <![CDATA["clicking on concepts under tree and giving code in try Editor"]]>
              </value>
            </param>
            <param index="1">
              <value>
                <![CDATA["Test Case Scenarios for Tree DS"]]>
              </value>
            </param>
          </params>
          <reporter-output>
          </reporter-output>
        </test-method> <!-- runScenario -->
        <test-method signature="runScenario(io.cucumber.testng.PickleWrapper,io.cucumber.testng.FeatureWrapper)[pri:0, instance:runner.TestRunner@50dfbc58]" started-at="2024-03-23T22:36:47 EDT" name="runScenario" description="Runs Cucumber Scenarios" data-provider="scenarios" finished-at="2024-03-23T22:36:55 EDT" duration-ms="7182" status="PASS">
          <params>
            <param index="0">
              <value>
                <![CDATA["clicking on concepts under tree and giving code in try Editor"]]>
              </value>
            </param>
            <param index="1">
              <value>
                <![CDATA["Test Case Scenarios for Tree DS"]]>
              </value>
            </param>
          </params>
          <reporter-output>
          </reporter-output>
        </test-method> <!-- runScenario -->
        <test-method signature="runScenario(io.cucumber.testng.PickleWrapper,io.cucumber.testng.FeatureWrapper)[pri:0, instance:runner.TestRunner@50dfbc58]" started-at="2024-03-23T22:36:48 EDT" name="runScenario" description="Runs Cucumber Scenarios" data-provider="scenarios" finished-at="2024-03-23T22:36:56 EDT" duration-ms="7540" status="PASS">
          <params>
            <param index="0">
              <value>
                <![CDATA["clicking on concepts under tree and giving code in try Editor"]]>
              </value>
            </param>
            <param index="1">
              <value>
                <![CDATA["Test Case Scenarios for Tree DS"]]>
              </value>
            </param>
          </params>
          <reporter-output>
          </reporter-output>
        </test-method> <!-- runScenario -->
        <test-method signature="runScenario(io.cucumber.testng.PickleWrapper,io.cucumber.testng.FeatureWrapper)[pri:0, instance:runner.TestRunner@50dfbc58]" started-at="2024-03-23T22:36:48 EDT" name="runScenario" description="Runs Cucumber Scenarios" data-provider="scenarios" finished-at="2024-03-23T22:36:56 EDT" duration-ms="7557" status="PASS">
          <params>
            <param index="0">
              <value>
                <![CDATA["clicking on concepts under tree and giving code in try Editor"]]>
              </value>
            </param>
            <param index="1">
              <value>
                <![CDATA["Test Case Scenarios for Tree DS"]]>
              </value>
            </param>
          </params>
          <reporter-output>
          </reporter-output>
        </test-method> <!-- runScenario -->
        <test-method signature="runScenario(io.cucumber.testng.PickleWrapper,io.cucumber.testng.FeatureWrapper)[pri:0, instance:runner.TestRunner@50dfbc58]" started-at="2024-03-23T22:36:49 EDT" name="runScenario" description="Runs Cucumber Scenarios" data-provider="scenarios" finished-at="2024-03-23T22:36:57 EDT" duration-ms="7892" status="PASS">
          <params>
            <param index="0">
              <value>
                <![CDATA["clicking on concepts under tree and giving code in try Editor"]]>
              </value>
            </param>
            <param index="1">
              <value>
                <![CDATA["Test Case Scenarios for Tree DS"]]>
              </value>
            </param>
          </params>
          <reporter-output>
          </reporter-output>
        </test-method> <!-- runScenario -->
        <test-method signature="runScenario(io.cucumber.testng.PickleWrapper,io.cucumber.testng.FeatureWrapper)[pri:0, instance:runner.TestRunner@50dfbc58]" started-at="2024-03-23T22:36:49 EDT" name="runScenario" description="Runs Cucumber Scenarios" data-provider="scenarios" finished-at="2024-03-23T22:36:57 EDT" duration-ms="8456" status="PASS">
          <params>
            <param index="0">
              <value>
                <![CDATA["clicking on concepts under tree and giving code in try Editor"]]>
              </value>
            </param>
            <param index="1">
              <value>
                <![CDATA["Test Case Scenarios for Tree DS"]]>
              </value>
            </param>
          </params>
          <reporter-output>
          </reporter-output>
        </test-method> <!-- runScenario -->
        <test-method signature="runScenario(io.cucumber.testng.PickleWrapper,io.cucumber.testng.FeatureWrapper)[pri:0, instance:runner.TestRunner@50dfbc58]" started-at="2024-03-23T22:36:49 EDT" name="runScenario" description="Runs Cucumber Scenarios" data-provider="scenarios" finished-at="2024-03-23T22:36:57 EDT" duration-ms="8408" status="PASS">
          <params>
            <param index="0">
              <value>
                <![CDATA["clicking on concepts under tree and giving code in try Editor"]]>
              </value>
            </param>
            <param index="1">
              <value>
                <![CDATA["Test Case Scenarios for Tree DS"]]>
              </value>
            </param>
          </params>
          <reporter-output>
          </reporter-output>
        </test-method> <!-- runScenario -->
        <test-method signature="runScenario(io.cucumber.testng.PickleWrapper,io.cucumber.testng.FeatureWrapper)[pri:0, instance:runner.TestRunner@50dfbc58]" started-at="2024-03-23T22:36:50 EDT" name="runScenario" description="Runs Cucumber Scenarios" data-provider="scenarios" finished-at="2024-03-23T22:36:58 EDT" duration-ms="8392" status="PASS">
          <params>
            <param index="0">
              <value>
                <![CDATA["clicking on concepts under tree and giving code in try Editor"]]>
              </value>
            </param>
            <param index="1">
              <value>
                <![CDATA["Test Case Scenarios for Tree DS"]]>
              </value>
            </param>
          </params>
          <reporter-output>
          </reporter-output>
        </test-method> <!-- runScenario -->
        <test-method signature="runScenario(io.cucumber.testng.PickleWrapper,io.cucumber.testng.FeatureWrapper)[pri:0, instance:runner.TestRunner@50dfbc58]" started-at="2024-03-23T22:36:51 EDT" name="runScenario" description="Runs Cucumber Scenarios" data-provider="scenarios" finished-at="2024-03-23T22:36:59 EDT" duration-ms="7856" status="PASS">
          <params>
            <param index="0">
              <value>
                <![CDATA["clicking on concepts under tree and giving code in try Editor"]]>
              </value>
            </param>
            <param index="1">
              <value>
                <![CDATA["Test Case Scenarios for Tree DS"]]>
              </value>
            </param>
          </params>
          <reporter-output>
          </reporter-output>
        </test-method> <!-- runScenario -->
        <test-method signature="runScenario(io.cucumber.testng.PickleWrapper,io.cucumber.testng.FeatureWrapper)[pri:0, instance:runner.TestRunner@50dfbc58]" started-at="2024-03-23T22:36:51 EDT" name="runScenario" description="Runs Cucumber Scenarios" data-provider="scenarios" finished-at="2024-03-23T22:36:59 EDT" duration-ms="8205" status="PASS">
          <params>
            <param index="0">
              <value>
                <![CDATA["clicking on concepts under tree and giving code in try Editor"]]>
              </value>
            </param>
            <param index="1">
              <value>
                <![CDATA["Test Case Scenarios for Tree DS"]]>
              </value>
            </param>
          </params>
          <reporter-output>
          </reporter-output>
        </test-method> <!-- runScenario -->
        <test-method signature="runScenario(io.cucumber.testng.PickleWrapper,io.cucumber.testng.FeatureWrapper)[pri:0, instance:runner.TestRunner@50dfbc58]" started-at="2024-03-23T22:36:53 EDT" name="runScenario" description="Runs Cucumber Scenarios" data-provider="scenarios" finished-at="2024-03-23T22:37:00 EDT" duration-ms="6594" status="PASS">
          <params>
            <param index="0">
              <value>
                <![CDATA["clicking on concepts under tree and giving code in try Editor"]]>
              </value>
            </param>
            <param index="1">
              <value>
                <![CDATA["Test Case Scenarios for Tree DS"]]>
              </value>
            </param>
          </params>
          <reporter-output>
          </reporter-output>
        </test-method> <!-- runScenario -->
        <test-method signature="runScenario(io.cucumber.testng.PickleWrapper,io.cucumber.testng.FeatureWrapper)[pri:0, instance:runner.TestRunner@50dfbc58]" started-at="2024-03-23T22:36:55 EDT" name="runScenario" description="Runs Cucumber Scenarios" data-provider="scenarios" finished-at="2024-03-23T22:37:01 EDT" duration-ms="6833" status="PASS">
          <params>
            <param index="0">
              <value>
                <![CDATA["clicking on concepts under tree and giving code in try Editor"]]>
              </value>
            </param>
            <param index="1">
              <value>
                <![CDATA["Test Case Scenarios for Tree DS"]]>
              </value>
            </param>
          </params>
          <reporter-output>
          </reporter-output>
        </test-method> <!-- runScenario -->
        <test-method signature="runScenario(io.cucumber.testng.PickleWrapper,io.cucumber.testng.FeatureWrapper)[pri:0, instance:runner.TestRunner@50dfbc58]" started-at="2024-03-23T22:36:56 EDT" name="runScenario" description="Runs Cucumber Scenarios" data-provider="scenarios" finished-at="2024-03-23T22:37:03 EDT" duration-ms="7156" status="PASS">
          <params>
            <param index="0">
              <value>
                <![CDATA["clicking on concepts under tree and giving code in try Editor"]]>
              </value>
            </param>
            <param index="1">
              <value>
                <![CDATA["Test Case Scenarios for Tree DS"]]>
              </value>
            </param>
          </params>
          <reporter-output>
          </reporter-output>
        </test-method> <!-- runScenario -->
        <test-method signature="runScenario(io.cucumber.testng.PickleWrapper,io.cucumber.testng.FeatureWrapper)[pri:0, instance:runner.TestRunner@50dfbc58]" started-at="2024-03-23T22:36:56 EDT" name="runScenario" description="Runs Cucumber Scenarios" data-provider="scenarios" finished-at="2024-03-23T22:37:04 EDT" duration-ms="8123" status="PASS">
          <params>
            <param index="0">
              <value>
                <![CDATA["clicking on concepts under tree and giving code in try Editor"]]>
              </value>
            </param>
            <param index="1">
              <value>
                <![CDATA["Test Case Scenarios for Tree DS"]]>
              </value>
            </param>
          </params>
          <reporter-output>
          </reporter-output>
        </test-method> <!-- runScenario -->
        <test-method signature="runScenario(io.cucumber.testng.PickleWrapper,io.cucumber.testng.FeatureWrapper)[pri:0, instance:runner.TestRunner@50dfbc58]" started-at="2024-03-23T22:36:57 EDT" name="runScenario" description="Runs Cucumber Scenarios" data-provider="scenarios" finished-at="2024-03-23T22:37:04 EDT" duration-ms="7337" status="PASS">
          <params>
            <param index="0">
              <value>
                <![CDATA["clicking on concepts under tree and giving code in try Editor"]]>
              </value>
            </param>
            <param index="1">
              <value>
                <![CDATA["Test Case Scenarios for Tree DS"]]>
              </value>
            </param>
          </params>
          <reporter-output>
          </reporter-output>
        </test-method> <!-- runScenario -->
        <test-method signature="runScenario(io.cucumber.testng.PickleWrapper,io.cucumber.testng.FeatureWrapper)[pri:0, instance:runner.TestRunner@50dfbc58]" started-at="2024-03-23T22:36:57 EDT" name="runScenario" description="Runs Cucumber Scenarios" data-provider="scenarios" finished-at="2024-03-23T22:37:05 EDT" duration-ms="8307" status="PASS">
          <params>
            <param index="0">
              <value>
                <![CDATA["clicking on concepts under tree and giving code in try Editor"]]>
              </value>
            </param>
            <param index="1">
              <value>
                <![CDATA["Test Case Scenarios for Tree DS"]]>
              </value>
            </param>
          </params>
          <reporter-output>
          </reporter-output>
        </test-method> <!-- runScenario -->
        <test-method signature="runScenario(io.cucumber.testng.PickleWrapper,io.cucumber.testng.FeatureWrapper)[pri:0, instance:runner.TestRunner@50dfbc58]" started-at="2024-03-23T22:36:57 EDT" name="runScenario" description="Runs Cucumber Scenarios" data-provider="scenarios" finished-at="2024-03-23T22:37:05 EDT" duration-ms="7687" status="PASS">
          <params>
            <param index="0">
              <value>
                <![CDATA["clicking on concepts under tree and giving code in try Editor"]]>
              </value>
            </param>
            <param index="1">
              <value>
                <![CDATA["Test Case Scenarios for Tree DS"]]>
              </value>
            </param>
          </params>
          <reporter-output>
          </reporter-output>
        </test-method> <!-- runScenario -->
        <test-method signature="runScenario(io.cucumber.testng.PickleWrapper,io.cucumber.testng.FeatureWrapper)[pri:0, instance:runner.TestRunner@50dfbc58]" started-at="2024-03-23T22:36:58 EDT" name="runScenario" description="Runs Cucumber Scenarios" data-provider="scenarios" finished-at="2024-03-23T22:37:06 EDT" duration-ms="8171" status="PASS">
          <params>
            <param index="0">
              <value>
                <![CDATA["clicking on concepts under tree and giving code in try Editor"]]>
              </value>
            </param>
            <param index="1">
              <value>
                <![CDATA["Test Case Scenarios for Tree DS"]]>
              </value>
            </param>
          </params>
          <reporter-output>
          </reporter-output>
        </test-method> <!-- runScenario -->
        <test-method signature="runScenario(io.cucumber.testng.PickleWrapper,io.cucumber.testng.FeatureWrapper)[pri:0, instance:runner.TestRunner@50dfbc58]" started-at="2024-03-23T22:36:59 EDT" name="runScenario" description="Runs Cucumber Scenarios" data-provider="scenarios" finished-at="2024-03-23T22:37:06 EDT" duration-ms="7473" status="PASS">
          <params>
            <param index="0">
              <value>
                <![CDATA["clicking on concepts under tree and giving code in try Editor"]]>
              </value>
            </param>
            <param index="1">
              <value>
                <![CDATA["Test Case Scenarios for Tree DS"]]>
              </value>
            </param>
          </params>
          <reporter-output>
          </reporter-output>
        </test-method> <!-- runScenario -->
        <test-method signature="runScenario(io.cucumber.testng.PickleWrapper,io.cucumber.testng.FeatureWrapper)[pri:0, instance:runner.TestRunner@50dfbc58]" started-at="2024-03-23T22:36:59 EDT" name="runScenario" description="Runs Cucumber Scenarios" data-provider="scenarios" finished-at="2024-03-23T22:37:05 EDT" duration-ms="6197" status="PASS">
          <params>
            <param index="0">
              <value>
                <![CDATA["Clicking on concepts under Graph and giving code in try Editor"]]>
              </value>
            </param>
            <param index="1">
              <value>
                <![CDATA["Test Case Scenarios for Graph DS"]]>
              </value>
            </param>
          </params>
          <reporter-output>
          </reporter-output>
        </test-method> <!-- runScenario -->
        <test-method signature="runScenario(io.cucumber.testng.PickleWrapper,io.cucumber.testng.FeatureWrapper)[pri:0, instance:runner.TestRunner@50dfbc58]" started-at="2024-03-23T22:37:00 EDT" name="runScenario" description="Runs Cucumber Scenarios" data-provider="scenarios" finished-at="2024-03-23T22:37:05 EDT" duration-ms="5474" status="PASS">
          <params>
            <param index="0">
              <value>
                <![CDATA["Clicking on concepts under Graph and giving code in try Editor"]]>
              </value>
            </param>
            <param index="1">
              <value>
                <![CDATA["Test Case Scenarios for Graph DS"]]>
              </value>
            </param>
          </params>
          <reporter-output>
          </reporter-output>
        </test-method> <!-- runScenario -->
        <test-method signature="runScenario(io.cucumber.testng.PickleWrapper,io.cucumber.testng.FeatureWrapper)[pri:0, instance:runner.TestRunner@50dfbc58]" started-at="2024-03-23T22:37:01 EDT" name="runScenario" description="Runs Cucumber Scenarios" data-provider="scenarios" finished-at="2024-03-23T22:37:07 EDT" duration-ms="5978" status="PASS">
          <params>
            <param index="0">
              <value>
                <![CDATA["Clicking on concepts under Graph and giving code in try Editor"]]>
              </value>
            </param>
            <param index="1">
              <value>
                <![CDATA["Test Case Scenarios for Graph DS"]]>
              </value>
            </param>
          </params>
          <reporter-output>
          </reporter-output>
        </test-method> <!-- runScenario -->
        <test-method signature="runScenario(io.cucumber.testng.PickleWrapper,io.cucumber.testng.FeatureWrapper)[pri:0, instance:runner.TestRunner@50dfbc58]" started-at="2024-03-23T22:37:03 EDT" name="runScenario" description="Runs Cucumber Scenarios" data-provider="scenarios" finished-at="2024-03-23T22:37:10 EDT" duration-ms="6679" status="PASS">
          <params>
            <param index="0">
              <value>
                <![CDATA["Clicking on concepts under Graph and giving code in try Editor"]]>
              </value>
            </param>
            <param index="1">
              <value>
                <![CDATA["Test Case Scenarios for Graph DS"]]>
              </value>
            </param>
          </params>
          <reporter-output>
          </reporter-output>
        </test-method> <!-- runScenario -->
        <test-method signature="runScenario(io.cucumber.testng.PickleWrapper,io.cucumber.testng.FeatureWrapper)[pri:0, instance:runner.TestRunner@50dfbc58]" started-at="2024-03-23T22:37:04 EDT" name="runScenario" description="Runs Cucumber Scenarios" data-provider="scenarios" finished-at="2024-03-23T22:37:09 EDT" duration-ms="5407" status="PASS">
          <params>
            <param index="0">
              <value>
                <![CDATA["Clicking on concepts under Graph and giving code in try Editor"]]>
              </value>
            </param>
            <param index="1">
              <value>
                <![CDATA["Test Case Scenarios for Graph DS"]]>
              </value>
            </param>
          </params>
          <reporter-output>
          </reporter-output>
        </test-method> <!-- runScenario -->
        <test-method signature="runScenario(io.cucumber.testng.PickleWrapper,io.cucumber.testng.FeatureWrapper)[pri:0, instance:runner.TestRunner@50dfbc58]" started-at="2024-03-23T22:37:04 EDT" name="runScenario" description="Runs Cucumber Scenarios" data-provider="scenarios" finished-at="2024-03-23T22:37:10 EDT" duration-ms="5709" status="PASS">
          <params>
            <param index="0">
              <value>
                <![CDATA["Clicking on concepts under Graph and giving code in try Editor"]]>
              </value>
            </param>
            <param index="1">
              <value>
                <![CDATA["Test Case Scenarios for Graph DS"]]>
              </value>
            </param>
          </params>
          <reporter-output>
          </reporter-output>
        </test-method> <!-- runScenario -->
        <test-method signature="runScenario(io.cucumber.testng.PickleWrapper,io.cucumber.testng.FeatureWrapper)[pri:0, instance:runner.TestRunner@50dfbc58]" started-at="2024-03-23T22:37:05 EDT" name="runScenario" description="Runs Cucumber Scenarios" data-provider="scenarios" finished-at="2024-03-23T22:37:12 EDT" duration-ms="7450" status="PASS">
          <params>
            <param index="0">
              <value>
                <![CDATA["testing Arrays Functionality"]]>
              </value>
            </param>
            <param index="1">
              <value>
                <![CDATA["Testing Array Module functionality"]]>
              </value>
            </param>
          </params>
          <reporter-output>
          </reporter-output>
        </test-method> <!-- runScenario -->
        <test-method signature="runScenario(io.cucumber.testng.PickleWrapper,io.cucumber.testng.FeatureWrapper)[pri:0, instance:runner.TestRunner@50dfbc58]" started-at="2024-03-23T22:37:05 EDT" name="runScenario" description="Runs Cucumber Scenarios" data-provider="scenarios" finished-at="2024-03-23T22:37:12 EDT" duration-ms="6921" status="PASS">
          <params>
            <param index="0">
              <value>
                <![CDATA["testing Arrays Functionality"]]>
              </value>
            </param>
            <param index="1">
              <value>
                <![CDATA["Testing Array Module functionality"]]>
              </value>
            </param>
          </params>
          <reporter-output>
          </reporter-output>
        </test-method> <!-- runScenario -->
        <test-method signature="runScenario(io.cucumber.testng.PickleWrapper,io.cucumber.testng.FeatureWrapper)[pri:0, instance:runner.TestRunner@50dfbc58]" started-at="2024-03-23T22:37:05 EDT" name="runScenario" description="Runs Cucumber Scenarios" data-provider="scenarios" finished-at="2024-03-23T22:37:13 EDT" duration-ms="7332" status="PASS">
          <params>
            <param index="0">
              <value>
                <![CDATA["testing Arrays Functionality"]]>
              </value>
            </param>
            <param index="1">
              <value>
                <![CDATA["Testing Array Module functionality"]]>
              </value>
            </param>
          </params>
          <reporter-output>
          </reporter-output>
        </test-method> <!-- runScenario -->
        <test-method signature="runScenario(io.cucumber.testng.PickleWrapper,io.cucumber.testng.FeatureWrapper)[pri:0, instance:runner.TestRunner@50dfbc58]" started-at="2024-03-23T22:37:05 EDT" name="runScenario" description="Runs Cucumber Scenarios" data-provider="scenarios" finished-at="2024-03-23T22:37:12 EDT" duration-ms="6782" status="PASS">
          <params>
            <param index="0">
              <value>
                <![CDATA["testing Arrays Functionality"]]>
              </value>
            </param>
            <param index="1">
              <value>
                <![CDATA["Testing Array Module functionality"]]>
              </value>
            </param>
          </params>
          <reporter-output>
          </reporter-output>
        </test-method> <!-- runScenario -->
        <test-method signature="runScenario(io.cucumber.testng.PickleWrapper,io.cucumber.testng.FeatureWrapper)[pri:0, instance:runner.TestRunner@50dfbc58]" started-at="2024-03-23T22:37:06 EDT" name="runScenario" description="Runs Cucumber Scenarios" data-provider="scenarios" finished-at="2024-03-23T22:37:14 EDT" duration-ms="7780" status="PASS">
          <params>
            <param index="0">
              <value>
[...]
          <params>
            <param index="0">
              <value>
                <![CDATA["testing on Array practice Questions"]]>
              </value>
            </param>
            <param index="1">
              <value>
                <![CDATA["Testing Array Module functionality"]]>
              </value>
            </param>
          </params>
          <reporter-output>
          </reporter-output>
        </test-method> <!-- runScenario -->
        <test-method signature="runScenario(io.cucumber.testng.PickleWrapper,io.cucumber.testng.FeatureWrapper)[pri:0, instance:runner.TestRunner@3d246ea3]" started-at="2024-03-23T22:42:20 EDT" name="runScenario" description="Runs Cucumber Scenarios" data-provider="scenarios" finished-at="2024-03-23T22:42:31 EDT" duration-ms="10837" status="PASS">
          <params>
            <param index="0">
              <value>
                <![CDATA["testing on Array practice Questions"]]>
              </value>
            </param>
            <param index="1">
              <value>
                <![CDATA["Testing Array Module functionality"]]>
              </value>
            </param>
          </params>
          <reporter-output>
          </reporter-output>
        </test-method> <!-- runScenario -->
        <test-method signature="runScenario(io.cucumber.testng.PickleWrapper,io.cucumber.testng.FeatureWrapper)[pri:0, instance:runner.TestRunner@3d246ea3]" started-at="2024-03-23T22:42:21 EDT" name="runScenario" description="Runs Cucumber Scenarios" data-provider="scenarios" finished-at="2024-03-23T22:42:31 EDT" duration-ms="9696" status="PASS">
          <params>
            <param index="0">
              <value>
                <![CDATA["clicking on concepts under stack and giving code in try Editor"]]>
              </value>
            </param>
            <param index="1">
              <value>
                <![CDATA["Test Case Scenarios for Stack DS"]]>
              </value>
            </param>
          </params>
          <reporter-output>
          </reporter-output>
        </test-method> <!-- runScenario -->
        <test-method signature="runScenario(io.cucumber.testng.PickleWrapper,io.cucumber.testng.FeatureWrapper)[pri:0, instance:runner.TestRunner@3d246ea3]" started-at="2024-03-23T22:42:24 EDT" name="runScenario" description="Runs Cucumber Scenarios" data-provider="scenarios" finished-at="2024-03-23T22:42:34 EDT" duration-ms="10076" status="PASS">
          <params>
            <param index="0">
              <value>
                <![CDATA["clicking on concepts under stack and giving code in try Editor"]]>
              </value>
            </param>
            <param index="1">
              <value>
                <![CDATA["Test Case Scenarios for Stack DS"]]>
              </value>
            </param>
          </params>
          <reporter-output>
          </reporter-output>
        </test-method> <!-- runScenario -->
        <test-method signature="runScenario(io.cucumber.testng.PickleWrapper,io.cucumber.testng.FeatureWrapper)[pri:0, instance:runner.TestRunner@3d246ea3]" started-at="2024-03-23T22:42:25 EDT" name="runScenario" description="Runs Cucumber Scenarios" data-provider="scenarios" finished-at="2024-03-23T22:42:34 EDT" duration-ms="9152" status="PASS">
          <params>
            <param index="0">
              <value>
                <![CDATA["clicking on concepts under stack and giving code in try Editor"]]>
              </value>
            </param>
            <param index="1">
              <value>
                <![CDATA["Test Case Scenarios for Stack DS"]]>
              </value>
            </param>
          </params>
          <reporter-output>
          </reporter-output>
        </test-method> <!-- runScenario -->
        <test-method signature="runScenario(io.cucumber.testng.PickleWrapper,io.cucumber.testng.FeatureWrapper)[pri:0, instance:runner.TestRunner@3d246ea3]" started-at="2024-03-23T22:42:25 EDT" name="runScenario" description="Runs Cucumber Scenarios" data-provider="scenarios" finished-at="2024-03-23T22:42:34 EDT" duration-ms="8888" status="PASS">
          <params>
            <param index="0">
              <value>
                <![CDATA["clicking on concepts under stack and giving code in try Editor"]]>
              </value>
            </param>
            <param index="1">
              <value>
                <![CDATA["Test Case Scenarios for Stack DS"]]>
              </value>
            </param>
          </params>
          <reporter-output>
          </reporter-output>
        </test-method> <!-- runScenario -->
        <test-method signature="runScenario(io.cucumber.testng.PickleWrapper,io.cucumber.testng.FeatureWrapper)[pri:0, instance:runner.TestRunner@3d246ea3]" started-at="2024-03-23T22:42:25 EDT" name="runScenario" description="Runs Cucumber Scenarios" data-provider="scenarios" finished-at="2024-03-23T22:42:36 EDT" duration-ms="10666" status="PASS">
          <params>
            <param index="0">
              <value>
                <![CDATA["clicking on concepts under stack and giving code in try Editor"]]>
              </value>
            </param>
            <param index="1">
              <value>
                <![CDATA["Test Case Scenarios for Stack DS"]]>
              </value>
            </param>
          </params>
          <reporter-output>
          </reporter-output>
        </test-method> <!-- runScenario -->
        <test-method signature="runScenario(io.cucumber.testng.PickleWrapper,io.cucumber.testng.FeatureWrapper)[pri:0, instance:runner.TestRunner@3d246ea3]" started-at="2024-03-23T22:42:26 EDT" name="runScenario" description="Runs Cucumber Scenarios" data-provider="scenarios" finished-at="2024-03-23T22:42:36 EDT" duration-ms="10101" status="PASS">
          <params>
            <param index="0">
              <value>
                <![CDATA["clicking on concepts under stack and giving code in try Editor"]]>
              </value>
            </param>
            <param index="1">
              <value>
                <![CDATA["Test Case Scenarios for Stack DS"]]>
              </value>
            </param>
          </params>
          <reporter-output>
          </reporter-output>
        </test-method> <!-- runScenario -->
        <test-method signature="runScenario(io.cucumber.testng.PickleWrapper,io.cucumber.testng.FeatureWrapper)[pri:0, instance:runner.TestRunner@3d246ea3]" started-at="2024-03-23T22:42:27 EDT" name="runScenario" description="Runs Cucumber Scenarios" data-provider="scenarios" finished-at="2024-03-23T22:42:39 EDT" duration-ms="11805" status="PASS">
          <params>
            <param index="0">
              <value>
                <![CDATA["clicking on concepts under stack and giving code in try Editor"]]>
              </value>
            </param>
            <param index="1">
              <value>
                <![CDATA["Test Case Scenarios for Stack DS"]]>
              </value>
            </param>
          </params>
          <reporter-output>
          </reporter-output>
        </test-method> <!-- runScenario -->
        <test-method signature="runScenario(io.cucumber.testng.PickleWrapper,io.cucumber.testng.FeatureWrapper)[pri:0, instance:runner.TestRunner@3d246ea3]" started-at="2024-03-23T22:42:28 EDT" name="runScenario" description="Runs Cucumber Scenarios" data-provider="scenarios" finished-at="2024-03-23T22:42:37 EDT" duration-ms="9536" status="PASS">
          <params>
            <param index="0">
              <value>
                <![CDATA["clicking on concepts under stack and giving code in try Editor"]]>
              </value>
            </param>
            <param index="1">
              <value>
                <![CDATA["Test Case Scenarios for Stack DS"]]>
              </value>
            </param>
          </params>
          <reporter-output>
          </reporter-output>
        </test-method> <!-- runScenario -->
        <test-method signature="runScenario(io.cucumber.testng.PickleWrapper,io.cucumber.testng.FeatureWrapper)[pri:0, instance:runner.TestRunner@3d246ea3]" started-at="2024-03-23T22:42:31 EDT" name="runScenario" description="Runs Cucumber Scenarios" data-provider="scenarios" finished-at="2024-03-23T22:42:41 EDT" duration-ms="9454" status="PASS">
          <params>
            <param index="0">
              <value>
                <![CDATA["clicking on concepts under stack and giving code in try Editor"]]>
              </value>
            </param>
            <param index="1">
              <value>
                <![CDATA["Test Case Scenarios for Stack DS"]]>
              </value>
            </param>
          </params>
          <reporter-output>
          </reporter-output>
        </test-method> <!-- runScenario -->
        <test-method signature="runScenario(io.cucumber.testng.PickleWrapper,io.cucumber.testng.FeatureWrapper)[pri:0, instance:runner.TestRunner@3d246ea3]" started-at="2024-03-23T22:42:31 EDT" name="runScenario" description="Runs Cucumber Scenarios" data-provider="scenarios" finished-at="2024-03-23T22:42:40 EDT" duration-ms="9176" status="PASS">
          <params>
            <param index="0">
              <value>
                <![CDATA["clicking on concepts under queue and giving code in try Editor"]]>
              </value>
            </param>
            <param index="1">
              <value>
                <![CDATA["Testing Queue Module functionality"]]>
              </value>
            </param>
          </params>
          <reporter-output>
          </reporter-output>
        </test-method> <!-- runScenario -->
        <test-method signature="runScenario(io.cucumber.testng.PickleWrapper,io.cucumber.testng.FeatureWrapper)[pri:0, instance:runner.TestRunner@3d246ea3]" started-at="2024-03-23T22:42:32 EDT" name="runScenario" description="Runs Cucumber Scenarios" data-provider="scenarios" finished-at="2024-03-23T22:42:40 EDT" duration-ms="8006" status="PASS">
          <params>
            <param index="0">
              <value>
                <![CDATA["clicking on concepts under queue and giving code in try Editor"]]>
              </value>
            </param>
            <param index="1">
              <value>
                <![CDATA["Testing Queue Module functionality"]]>
              </value>
            </param>
          </params>
          <reporter-output>
          </reporter-output>
        </test-method> <!-- runScenario -->
        <test-method signature="runScenario(io.cucumber.testng.PickleWrapper,io.cucumber.testng.FeatureWrapper)[pri:0, instance:runner.TestRunner@3d246ea3]" started-at="2024-03-23T22:42:34 EDT" name="runScenario" description="Runs Cucumber Scenarios" data-provider="scenarios" finished-at="2024-03-23T22:42:41 EDT" duration-ms="7719" status="PASS">
          <params>
            <param index="0">
              <value>
                <![CDATA["clicking on concepts under queue and giving code in try Editor"]]>
              </value>
            </param>
            <param index="1">
              <value>
                <![CDATA["Testing Queue Module functionality"]]>
              </value>
            </param>
          </params>
          <reporter-output>
          </reporter-output>
        </test-method> <!-- runScenario -->
        <test-method signature="runScenario(io.cucumber.testng.PickleWrapper,io.cucumber.testng.FeatureWrapper)[pri:0, instance:runner.TestRunner@3d246ea3]" started-at="2024-03-23T22:42:34 EDT" name="runScenario" description="Runs Cucumber Scenarios" data-provider="scenarios" finished-at="2024-03-23T22:42:43 EDT" duration-ms="9155" status="PASS">
          <params>
            <param index="0">
              <value>
                <![CDATA["clicking on concepts under queue and giving code in try Editor"]]>
              </value>
            </param>
            <param index="1">
              <value>
                <![CDATA["Testing Queue Module functionality"]]>
              </value>
            </param>
          </params>
          <reporter-output>
          </reporter-output>
        </test-method> <!-- runScenario -->
        <test-method signature="runScenario(io.cucumber.testng.PickleWrapper,io.cucumber.testng.FeatureWrapper)[pri:0, instance:runner.TestRunner@3d246ea3]" started-at="2024-03-23T22:42:34 EDT" name="runScenario" description="Runs Cucumber Scenarios" data-provider="scenarios" finished-at="2024-03-23T22:42:45 EDT" duration-ms="10277" status="PASS">
          <params>
            <param index="0">
              <value>
                <![CDATA["clicking on concepts under queue and giving code in try Editor"]]>
              </value>
            </param>
            <param index="1">
              <value>
                <![CDATA["Testing Queue Module functionality"]]>
              </value>
            </param>
          </params>
          <reporter-output>
          </reporter-output>
        </test-method> <!-- runScenario -->
        <test-method signature="runScenario(io.cucumber.testng.PickleWrapper,io.cucumber.testng.FeatureWrapper)[pri:0, instance:runner.TestRunner@3d246ea3]" started-at="2024-03-23T22:42:36 EDT" name="runScenario" description="Runs Cucumber Scenarios" data-provider="scenarios" finished-at="2024-03-23T22:42:44 EDT" duration-ms="8387" status="PASS">
          <params>
            <param index="0">
              <value>
                <![CDATA["clicking on concepts under queue and giving code in try Editor"]]>
              </value>
            </param>
            <param index="1">
              <value>
                <![CDATA["Testing Queue Module functionality"]]>
              </value>
            </param>
          </params>
          <reporter-output>
          </reporter-output>
        </test-method> <!-- runScenario -->
        <test-method signature="runScenario(io.cucumber.testng.PickleWrapper,io.cucumber.testng.FeatureWrapper)[pri:0, instance:runner.TestRunner@3d246ea3]" started-at="2024-03-23T22:42:36 EDT" name="runScenario" description="Runs Cucumber Scenarios" data-provider="scenarios" finished-at="2024-03-23T22:42:44 EDT" duration-ms="7654" status="PASS">
          <params>
            <param index="0">
              <value>
                <![CDATA["clicking on concepts under queue and giving code in try Editor"]]>
              </value>
            </param>
            <param index="1">
              <value>
                <![CDATA["Testing Queue Module functionality"]]>
              </value>
            </param>
          </params>
          <reporter-output>
          </reporter-output>
        </test-method> <!-- runScenario -->
        <test-method signature="runScenario(io.cucumber.testng.PickleWrapper,io.cucumber.testng.FeatureWrapper)[pri:0, instance:runner.TestRunner@3d246ea3]" started-at="2024-03-23T22:42:37 EDT" name="runScenario" description="Runs Cucumber Scenarios" data-provider="scenarios" finished-at="2024-03-23T22:42:46 EDT" duration-ms="8658" status="PASS">
          <params>
            <param index="0">
              <value>
                <![CDATA["clicking on concepts under queue and giving code in try Editor"]]>
              </value>
            </param>
            <param index="1">
              <value>
                <![CDATA["Testing Queue Module functionality"]]>
              </value>
            </param>
          </params>
          <reporter-output>
          </reporter-output>
        </test-method> <!-- runScenario -->
        <test-method signature="runScenario(io.cucumber.testng.PickleWrapper,io.cucumber.testng.FeatureWrapper)[pri:0, instance:runner.TestRunner@3d246ea3]" started-at="2024-03-23T22:42:39 EDT" name="runScenario" description="Runs Cucumber Scenarios" data-provider="scenarios" finished-at="2024-03-23T22:42:48 EDT" duration-ms="8528" status="PASS">
          <params>
            <param index="0">
              <value>
                <![CDATA["clicking on concepts under queue and giving code in try Editor"]]>
              </value>
            </param>
            <param index="1">
              <value>
                <![CDATA["Testing Queue Module functionality"]]>
              </value>
            </param>
          </params>
          <reporter-output>
          </reporter-output>
        </test-method> <!-- runScenario -->
        <test-method signature="runScenario(io.cucumber.testng.PickleWrapper,io.cucumber.testng.FeatureWrapper)[pri:0, instance:runner.TestRunner@3d246ea3]" started-at="2024-03-23T22:42:40 EDT" name="runScenario" description="Runs Cucumber Scenarios" data-provider="scenarios" finished-at="2024-03-23T22:42:47 EDT" duration-ms="7620" status="PASS">
          <params>
            <param index="0">
              <value>
                <![CDATA["clicking on concepts under queue and giving code in try Editor"]]>
              </value>
            </param>
            <param index="1">
              <value>
                <![CDATA["Testing Queue Module functionality"]]>
              </value>
            </param>
          </params>
          <reporter-output>
          </reporter-output>
        </test-method> <!-- runScenario -->
        <test-method signature="runScenario(io.cucumber.testng.PickleWrapper,io.cucumber.testng.FeatureWrapper)[pri:0, instance:runner.TestRunner@3d246ea3]" started-at="2024-03-23T22:42:40 EDT" name="runScenario" description="Runs Cucumber Scenarios" data-provider="scenarios" finished-at="2024-03-23T22:42:48 EDT" duration-ms="7880" status="PASS">
          <params>
            <param index="0">
              <value>
                <![CDATA["clicking on concepts under queue and giving code in try Editor"]]>
              </value>
            </param>
            <param index="1">
              <value>
                <![CDATA["Testing Queue Module functionality"]]>
              </value>
            </param>
          </params>
          <reporter-output>
          </reporter-output>
        </test-method> <!-- runScenario -->
        <test-method signature="runScenario(io.cucumber.testng.PickleWrapper,io.cucumber.testng.FeatureWrapper)[pri:0, instance:runner.TestRunner@3d246ea3]" started-at="2024-03-23T22:42:41 EDT" name="runScenario" description="Runs Cucumber Scenarios" data-provider="scenarios" finished-at="2024-03-23T22:42:48 EDT" duration-ms="7503" status="PASS">
          <params>
            <param index="0">
              <value>
                <![CDATA["clicking on concepts under queue and giving code in try Editor"]]>
              </value>
            </param>
            <param index="1">
              <value>
                <![CDATA["Testing Queue Module functionality"]]>
              </value>
            </param>
          </params>
          <reporter-output>
          </reporter-output>
        </test-method> <!-- runScenario -->
        <test-method is-config="true" signature="tearDownClass()[pri:0, instance:runner.TestRunner@3d246ea3]" started-at="2024-03-23T22:42:48 EDT" name="tearDownClass" finished-at="2024-03-23T22:42:51 EDT" duration-ms="2372" status="PASS">
          <reporter-output>
          </reporter-output>
        </test-method> <!-- tearDownClass -->
      </class> <!-- runner.TestRunner -->
    </test> <!-- Testedge -->
  </suite> <!-- Suite -->
</testng-results>
